2024-10-14T07:55:49.101Z:info:C:\Project\EffectiveWebChatServer\app.js: middleWare/getRequestStatus :: IP=::1 Path=/socket.io/?EIO=4&transport=polling&t=pzgm1q3m;
2024-10-14T07:55:49.127Z:info:C:\Project\EffectiveWebChatServer\app.js: middleWare/getRequestStatus :: IP=::1 Path=/socket.io/?EIO=4&transport=polling&t=pzgm9f0l;
2024-10-14T07:55:49.942Z:info:C:\Project\EffectiveWebChatServer\app.js: middleWare/getRequestStatus :: IP=::1 Path=/socket.io/?EIO=4&transport=polling&t=pzh5aww9;
2024-10-14T07:55:52.214Z:info:C:\Project\EffectiveWebChatServer\app.js: middleWare/getRequestStatus :: IP=::1 Path=/socket.io/?EIO=4&transport=polling&t=pzj0yme6;
2024-10-14T07:55:54.586Z:info:C:\Project\EffectiveWebChatServer\app.js: middleWare/getRequestStatus :: IP=::1 Path=/socket.io/?EIO=4&transport=polling&t=pzkuo7zx;
2024-10-14T07:55:59.677Z:info:C:\Project\EffectiveWebChatServer\app.js: middleWare/getRequestStatus :: IP=::1 Path=/socket.io/?EIO=4&transport=polling&t=pzos2qj7;
2024-10-14T07:56:04.713Z:info:C:\Project\EffectiveWebChatServer\app.js: middleWare/getRequestStatus :: IP=::1 Path=/socket.io/?EIO=4&transport=polling&t=pzso3z77;
2024-10-14T07:56:09.752Z:info:C:\Project\EffectiveWebChatServer\app.js: middleWare/getRequestStatus :: IP=::1 Path=/socket.io/?EIO=4&transport=polling&t=pzwjuwxq;
2024-10-14T07:56:15.079Z:info:C:\Project\EffectiveWebChatServer\app.js: middleWare/getRequestStatus :: IP=::1 Path=/socket.io/?EIO=4&transport=polling&t=q00o330n;
2024-10-14T07:56:20.296Z:info:C:\Project\EffectiveWebChatServer\app.js: middleWare/getRequestStatus :: IP=::1 Path=/socket.io/?EIO=4&transport=polling&t=q04p0f88;
2024-10-14T07:56:25.347Z:info:C:\Project\EffectiveWebChatServer\app.js: middleWare/getRequestStatus :: IP=::1 Path=/socket.io/?EIO=4&transport=polling&t=q08kqha2;
2024-10-14T07:56:26.585Z:info:C:\Project\EffectiveWebChatServer\app.js: middleWare/getRequestStatus :: IP=::1 Path=/socket.io/?EIO=4&transport=polling&t=q09jsa8q;
2024-10-14T07:56:28.013Z:info:C:\Project\EffectiveWebChatServer\app.js: middleWare/getRequestStatus :: IP=::1 Path=/socket.io/?EIO=4&transport=polling&t=q0andsqd;
2024-10-14T07:56:29.971Z:info:C:\Project\EffectiveWebChatServer\app.js: middleWare/getRequestStatus :: IP=::1 Path=/socket.io/?EIO=4&transport=polling&t=q0c5uaj4;
2024-10-14T07:56:34.861Z:info:C:\Project\EffectiveWebChatServer\app.js: middleWare/getRequestStatus :: IP=::1 Path=/socket.io/?EIO=4&transport=polling&t=q0fvd4us;
2024-10-14T07:56:39.887Z:info:C:\Project\EffectiveWebChatServer\app.js: middleWare/getRequestStatus :: IP=::1 Path=/socket.io/?EIO=4&transport=polling&t=q0jtaasc;
2024-10-14T07:56:44.918Z:info:C:\Project\EffectiveWebChatServer\app.js: middleWare/getRequestStatus :: IP=::1 Path=/socket.io/?EIO=4&transport=polling&t=q0not0gk;
2024-10-14T07:56:49.955Z:info:C:\Project\EffectiveWebChatServer\app.js: middleWare/getRequestStatus :: IP=::1 Path=/socket.io/?EIO=4&transport=polling&t=q0rkv62j;
2024-10-14T07:56:54.983Z:info:C:\Project\EffectiveWebChatServer\app.js: middleWare/getRequestStatus :: IP=::1 Path=/socket.io/?EIO=4&transport=polling&t=q0vghzfu;
2024-10-14T07:57:00.017Z:info:C:\Project\EffectiveWebChatServer\app.js: middleWare/getRequestStatus :: IP=::1 Path=/socket.io/?EIO=4&transport=polling&t=q0zc1huq;
2024-10-14T07:57:05.043Z:info:C:\Project\EffectiveWebChatServer\app.js: middleWare/getRequestStatus :: IP=::1 Path=/socket.io/?EIO=4&transport=polling&t=q137xwkh;
2024-10-14T07:57:10.064Z:info:C:\Project\EffectiveWebChatServer\app.js: middleWare/getRequestStatus :: IP=::1 Path=/socket.io/?EIO=4&transport=polling&t=q173hf2s;
2024-10-14T07:57:15.087Z:info:C:\Project\EffectiveWebChatServer\app.js: middleWare/getRequestStatus :: IP=::1 Path=/socket.io/?EIO=4&transport=polling&t=q1ayzxkv;
2024-10-14T07:57:20.112Z:info:C:\Project\EffectiveWebChatServer\app.js: middleWare/getRequestStatus :: IP=::1 Path=/socket.io/?EIO=4&transport=polling&t=q1eukp9h;
2024-10-14T07:57:25.269Z:info:C:\Project\EffectiveWebChatServer\app.js: middleWare/getRequestStatus :: IP=::1 Path=/socket.io/?EIO=4&transport=polling&t=q1iqmztn;
2024-10-14T07:57:30.722Z:info:C:\Project\EffectiveWebChatServer\app.js: middleWare/getRequestStatus :: IP=::1 Path=/socket.io/?EIO=4&transport=polling&t=q1mqekzk;
2024-10-14T07:57:36.114Z:info:C:\Project\EffectiveWebChatServer\app.js: middleWare/getRequestStatus :: IP=::1 Path=/socket.io/?EIO=4&transport=polling&t=q1r6k465;
2024-10-14T07:57:41.140Z:info:C:\Project\EffectiveWebChatServer\app.js: middleWare/getRequestStatus :: IP=::1 Path=/socket.io/?EIO=4&transport=polling&t=q1v2nb20;
2024-10-14T07:57:46.170Z:info:C:\Project\EffectiveWebChatServer\app.js: middleWare/getRequestStatus :: IP=::1 Path=/socket.io/?EIO=4&transport=polling&t=q1yy7pzh;
2024-10-14T07:57:51.210Z:info:C:\Project\EffectiveWebChatServer\app.js: middleWare/getRequestStatus :: IP=::1 Path=/socket.io/?EIO=4&transport=polling&t=q22tznvx;
2024-10-14T07:57:56.363Z:info:C:\Project\EffectiveWebChatServer\app.js: middleWare/getRequestStatus :: IP=::1 Path=/socket.io/?EIO=4&transport=polling&t=q26qa77s;
2024-10-14T07:58:01.595Z:info:C:\Project\EffectiveWebChatServer\app.js: middleWare/getRequestStatus :: IP=::1 Path=/socket.io/?EIO=4&transport=polling&t=q2aq2uyb;
2024-10-14T07:58:06.642Z:info:C:\Project\EffectiveWebChatServer\app.js: middleWare/getRequestStatus :: IP=::1 Path=/socket.io/?EIO=4&transport=polling&t=q2er1sj0;
2024-10-14T07:58:11.713Z:info:C:\Project\EffectiveWebChatServer\app.js: middleWare/getRequestStatus :: IP=::1 Path=/socket.io/?EIO=4&transport=polling&t=q2inrp28;
2024-10-14T07:58:17.013Z:info:C:\Project\EffectiveWebChatServer\app.js: middleWare/getRequestStatus :: IP=::1 Path=/socket.io/?EIO=4&transport=polling&t=q2mpep1h;
2024-10-14T07:58:20.169Z:info:C:\Project\EffectiveWebChatServer\app.js: middleWare/getRequestStatus :: IP=::1 Path=/socket.io/?EIO=4&transport=polling&t=q2p6o1et;
2024-10-14T07:58:20.176Z:info:C:\Project\EffectiveWebChatServer\app.js: middleWare/getRequestStatus :: IP=::1 Path=/socket.io/?EIO=4&transport=polling&t=q2p6tn33;
2024-10-14T07:58:21.303Z:info:C:\Project\EffectiveWebChatServer\app.js: middleWare/getRequestStatus :: IP=::1 Path=/socket.io/?EIO=4&transport=polling&t=q2q1zfx9;
2024-10-14T07:58:22.880Z:info:C:\Project\EffectiveWebChatServer\app.js: middleWare/getRequestStatus :: IP=::1 Path=/socket.io/?EIO=4&transport=polling&t=q2r9tg0t;
2024-10-14T07:58:25.760Z:info:C:\Project\EffectiveWebChatServer\app.js: middleWare/getRequestStatus :: IP=::1 Path=/socket.io/?EIO=4&transport=polling&t=q2thy72l;
2024-10-14T07:58:30.881Z:info:C:\Project\EffectiveWebChatServer\app.js: middleWare/getRequestStatus :: IP=::1 Path=/socket.io/?EIO=4&transport=polling&t=q2xg5wo1;
2024-10-14T07:58:35.908Z:info:C:\Project\EffectiveWebChatServer\app.js: middleWare/getRequestStatus :: IP=::1 Path=/socket.io/?EIO=4&transport=polling&t=q31bt3wr;
2024-10-14T07:58:41.010Z:info:C:\Project\EffectiveWebChatServer\app.js: middleWare/getRequestStatus :: IP=::1 Path=/socket.io/?EIO=4&transport=polling&t=q359hh4i;
2024-10-14T07:58:46.030Z:info:C:\Project\EffectiveWebChatServer\app.js: middleWare/getRequestStatus :: IP=::1 Path=/socket.io/?EIO=4&transport=polling&t=q394zvwz;
2024-10-14T07:58:51.055Z:info:C:\Project\EffectiveWebChatServer\app.js: middleWare/getRequestStatus :: IP=::1 Path=/socket.io/?EIO=4&transport=polling&t=q3d0h09k;
2024-10-14T07:58:56.073Z:info:C:\Project\EffectiveWebChatServer\app.js: middleWare/getRequestStatus :: IP=::1 Path=/socket.io/?EIO=4&transport=polling&t=q3gvycyh;
2024-10-14T07:58:59.754Z:info:C:\Project\EffectiveWebChatServer\app.js: middleWare/getRequestStatus :: IP=::1 Path=/socket.io/?EIO=4&transport=polling&t=q3jq6k4e;
2024-10-14T07:59:00.752Z:info:C:\Project\EffectiveWebChatServer\app.js: middleWare/getRequestStatus :: IP=::1 Path=/socket.io/?EIO=4&transport=polling&t=q3khx8po;
2024-10-14T07:59:02.575Z:info:C:\Project\EffectiveWebChatServer\app.js: middleWare/getRequestStatus :: IP=::1 Path=/socket.io/?EIO=4&transport=polling&t=q3lwfozj;
2024-10-14T07:59:05.733Z:info:C:\Project\EffectiveWebChatServer\app.js: middleWare/getRequestStatus :: IP=::1 Path=/socket.io/?EIO=4&transport=polling&t=q3obt65d;
2024-10-14T07:59:06.231Z:info:C:\Project\EffectiveWebChatServer\app.js: middleWare/getRequestStatus :: IP=::1 Path=/socket.io/?EIO=4&transport=polling&t=q3oq1hfu;
2024-10-14T07:59:07.350Z:info:C:\Project\EffectiveWebChatServer\app.js: middleWare/getRequestStatus :: IP=::1 Path=/socket.io/?EIO=4&transport=polling&t=q3pl7in4;
2024-10-14T07:59:09.569Z:info:C:\Project\EffectiveWebChatServer\app.js: middleWare/getRequestStatus :: IP=::1 Path=/socket.io/?EIO=4&transport=polling&t=q3raveuy;
2024-10-14T08:00:01.619Z:info:C:\Project\EffectiveWebChatServer\app.js: middleWare/getRequestStatus :: IP=::1 Path=/socket.io/?EIO=4&transport=polling&t=q4vgvri2;
2024-10-14T08:00:01.627Z:info:C:\Project\EffectiveWebChatServer\app.js: middleWare/getRequestStatus :: IP=::1 Path=/socket.io/?EIO=4&transport=polling&t=q4vgyy6a;
2024-10-14T08:00:02.235Z:info:C:\Project\EffectiveWebChatServer\app.js: middleWare/getRequestStatus :: IP=::1 Path=/socket.io/?EIO=4&transport=polling&t=q4vxv4s4;
2024-10-14T08:00:04.285Z:info:C:\Project\EffectiveWebChatServer\app.js: middleWare/getRequestStatus :: IP=::1 Path=/socket.io/?EIO=4&transport=polling&t=q4xgzg92;
2024-10-14T08:00:08.950Z:info:C:\Project\EffectiveWebChatServer\app.js: middleWare/getRequestStatus :: IP=::1 Path=/socket.io/?EIO=4&transport=polling&t=q514fbrt;
2024-10-14T08:00:14.530Z:info:C:\Project\EffectiveWebChatServer\app.js: middleWare/getRequestStatus :: IP=::1 Path=/socket.io/?EIO=4&transport=polling&t=q5571pda;
2024-10-14T08:00:19.708Z:info:C:\Project\EffectiveWebChatServer\app.js: middleWare/getRequestStatus :: IP=::1 Path=/socket.io/?EIO=4&transport=polling&t=q59dh5d6;
2024-10-14T08:00:22.202Z:info:C:\Project\EffectiveWebChatServer\app.js: middleWare/getRequestStatus :: IP=::1 Path=/socket.io/?EIO=4&transport=polling&t=q5bc592v;
2024-10-14T08:00:22.238Z:info:C:\Project\EffectiveWebChatServer\app.js: middleWare/getRequestStatus :: IP=::1 Path=/socket.io/?EIO=4&transport=polling&t=q5bc81g7;
2024-10-14T08:00:24.059Z:info:C:\Project\EffectiveWebChatServer\app.js: middleWare/getRequestStatus :: IP=::1 Path=/socket.io/?EIO=4&transport=polling&t=q5cs8w3s;
2024-10-14T08:00:25.832Z:info:C:\Project\EffectiveWebChatServer\app.js: middleWare/getRequestStatus :: IP=::1 Path=/socket.io/?EIO=4&transport=polling&t=q5e5hrr4;
2024-10-14T08:00:29.017Z:info:C:\Project\EffectiveWebChatServer\app.js: middleWare/getRequestStatus :: IP=::1 Path=/socket.io/?EIO=4&transport=polling&t=q5gly4j7;
2024-10-14T08:00:34.027Z:info:C:\Project\EffectiveWebChatServer\app.js: middleWare/getRequestStatus :: IP=::1 Path=/socket.io/?EIO=4&transport=polling&t=q5kh4p4c;
2024-10-14T08:00:39.035Z:info:C:\Project\EffectiveWebChatServer\app.js: middleWare/getRequestStatus :: IP=::1 Path=/socket.io/?EIO=4&transport=polling&t=q5oc8ud5;
2024-10-14T08:00:44.046Z:info:C:\Project\EffectiveWebChatServer\app.js: middleWare/getRequestStatus :: IP=::1 Path=/socket.io/?EIO=4&transport=polling&t=q5s7f0ov;
2024-10-14T08:00:49.055Z:info:C:\Project\EffectiveWebChatServer\app.js: middleWare/getRequestStatus :: IP=::1 Path=/socket.io/?EIO=4&transport=polling&t=q5w2kdnr;
2024-10-14T08:00:54.064Z:info:C:\Project\EffectiveWebChatServer\app.js: middleWare/getRequestStatus :: IP=::1 Path=/socket.io/?EIO=4&transport=polling&t=q5zxpqnc;
2024-10-14T08:00:59.075Z:info:C:\Project\EffectiveWebChatServer\app.js: middleWare/getRequestStatus :: IP=::1 Path=/socket.io/?EIO=4&transport=polling&t=q63suxnb;
2024-10-14T08:01:04.096Z:info:C:\Project\EffectiveWebChatServer\app.js: middleWare/getRequestStatus :: IP=::1 Path=/socket.io/?EIO=4&transport=polling&t=q67ocvae;
2024-10-14T08:01:09.106Z:info:C:\Project\EffectiveWebChatServer\app.js: middleWare/getRequestStatus :: IP=::1 Path=/socket.io/?EIO=4&transport=polling&t=q6bjipqy;
2024-10-14T08:01:14.116Z:info:C:\Project\EffectiveWebChatServer\app.js: middleWare/getRequestStatus :: IP=::1 Path=/socket.io/?EIO=4&transport=polling&t=q6feobhn;
2024-10-14T08:01:19.125Z:info:C:\Project\EffectiveWebChatServer\app.js: middleWare/getRequestStatus :: IP=::1 Path=/socket.io/?EIO=4&transport=polling&t=q6j9veo8;
2024-10-14T08:01:24.173Z:info:C:\Project\EffectiveWebChatServer\app.js: middleWare/getRequestStatus :: IP=::1 Path=/socket.io/?EIO=4&transport=polling&t=q6n5lw1k;
2024-10-14T08:01:29.185Z:info:C:\Project\EffectiveWebChatServer\app.js: middleWare/getRequestStatus :: IP=::1 Path=/socket.io/?EIO=4&transport=polling&t=q6r19342;
2024-10-14T08:01:34.194Z:info:C:\Project\EffectiveWebChatServer\app.js: middleWare/getRequestStatus :: IP=::1 Path=/socket.io/?EIO=4&transport=polling&t=q6uwfptw;
2024-10-14T08:01:39.204Z:info:C:\Project\EffectiveWebChatServer\app.js: middleWare/getRequestStatus :: IP=::1 Path=/socket.io/?EIO=4&transport=polling&t=q6yrlvi2;
2024-10-14T08:01:44.214Z:info:C:\Project\EffectiveWebChatServer\app.js: middleWare/getRequestStatus :: IP=::1 Path=/socket.io/?EIO=4&transport=polling&t=q72mr7kq;
2024-10-14T08:01:47.417Z:info:C:\Project\EffectiveWebChatServer\app.js: middleWare/getRequestStatus :: IP=::1 Path=/socket.io/?EIO=4&transport=polling&t=q753okfj;
2024-10-14T08:01:47.423Z:info:C:\Project\EffectiveWebChatServer\app.js: middleWare/getRequestStatus :: IP=::1 Path=/socket.io/?EIO=4&transport=polling&t=q753t3dg;
2024-10-14T08:01:48.251Z:info:C:\Project\EffectiveWebChatServer\app.js: middleWare/getRequestStatus :: IP=::1 Path=/socket.io/?EIO=4&transport=polling&t=q75qxa60;
2024-10-14T08:01:51.237Z:info:C:\Project\EffectiveWebChatServer\app.js: middleWare/getRequestStatus :: IP=::1 Path=/socket.io/?EIO=4&transport=polling&t=q781v6ug;
2024-10-14T08:01:55.225Z:info:C:\Project\EffectiveWebChatServer\app.js: middleWare/getRequestStatus :: IP=::1 Path=/socket.io/?EIO=4&transport=polling&t=q7b4nzbe;
2024-10-14T08:01:57.423Z:info:C:\Project\EffectiveWebChatServer\app.js: middleWare/getRequestStatus :: IP=::1 Path=/socket.io/?EIO=4&transport=polling&t=q7ctnkyw;
2024-10-14T08:01:57.429Z:info:C:\Project\EffectiveWebChatServer\app.js: middleWare/getRequestStatus :: IP=::1 Path=/socket.io/?EIO=4&transport=polling&t=q7ctoe32;
2024-10-14T08:01:58.591Z:info:C:\Project\EffectiveWebChatServer\app.js: middleWare/getRequestStatus :: IP=::1 Path=/socket.io/?EIO=4&transport=polling&t=q7dq5eb8;
2024-10-14T08:02:00.596Z:info:C:\Project\EffectiveWebChatServer\app.js: middleWare/getRequestStatus :: IP=::1 Path=/socket.io/?EIO=4&transport=polling&t=q7f9tuew;
2024-10-14T08:02:05.235Z:info:C:\Project\EffectiveWebChatServer\app.js: middleWare/getRequestStatus :: IP=::1 Path=/socket.io/?EIO=4&transport=polling&t=q7iun5uc;
2024-10-14T08:02:05.246Z:info:C:\Project\EffectiveWebChatServer\app.js: middleWare/getRequestStatus :: IP=::1 Path=/socket.io/?EIO=4&transport=polling&t=q7iuo10l;
2024-10-14T08:02:06.233Z:info:C:\Project\EffectiveWebChatServer\app.js: middleWare/getRequestStatus :: IP=::1 Path=/socket.io/?EIO=4&transport=polling&t=q7jmd3wp;
2024-10-14T08:02:08.154Z:info:C:\Project\EffectiveWebChatServer\app.js: middleWare/getRequestStatus :: IP=::1 Path=/socket.io/?EIO=4&transport=polling&t=q7l3rvbe;
2024-10-14T08:02:13.165Z:info:C:\Project\EffectiveWebChatServer\app.js: middleWare/getRequestStatus :: IP=::1 Path=/socket.io/?EIO=4&transport=polling&t=q7oyxjv8;
2024-10-14T08:02:18.174Z:info:C:\Project\EffectiveWebChatServer\app.js: middleWare/getRequestStatus :: IP=::1 Path=/socket.io/?EIO=4&transport=polling&t=q7su3zab;
2024-10-14T08:02:23.184Z:info:C:\Project\EffectiveWebChatServer\app.js: middleWare/getRequestStatus :: IP=::1 Path=/socket.io/?EIO=4&transport=polling&t=q7wp9ljt;
2024-10-14T08:02:28.193Z:info:C:\Project\EffectiveWebChatServer\app.js: middleWare/getRequestStatus :: IP=::1 Path=/socket.io/?EIO=4&transport=polling&t=q80ke885;
2024-10-14T08:02:33.201Z:info:C:\Project\EffectiveWebChatServer\app.js: middleWare/getRequestStatus :: IP=::1 Path=/socket.io/?EIO=4&transport=polling&t=q84fim8m;
2024-10-14T08:02:38.210Z:info:C:\Project\EffectiveWebChatServer\app.js: middleWare/getRequestStatus :: IP=::1 Path=/socket.io/?EIO=4&transport=polling&t=q88an6zf;
2024-10-14T08:02:43.218Z:info:C:\Project\EffectiveWebChatServer\app.js: middleWare/getRequestStatus :: IP=::1 Path=/socket.io/?EIO=4&transport=polling&t=q8c5rsl2;
2024-10-14T08:02:48.227Z:info:C:\Project\EffectiveWebChatServer\app.js: middleWare/getRequestStatus :: IP=::1 Path=/socket.io/?EIO=4&transport=polling&t=q8g0w3ee;
2024-10-14T08:02:53.236Z:info:C:\Project\EffectiveWebChatServer\app.js: middleWare/getRequestStatus :: IP=::1 Path=/socket.io/?EIO=4&transport=polling&t=q8jw1b06;
2024-10-14T08:02:58.245Z:info:C:\Project\EffectiveWebChatServer\app.js: middleWare/getRequestStatus :: IP=::1 Path=/socket.io/?EIO=4&transport=polling&t=q8nr5jo0;
2024-10-14T08:03:03.255Z:info:C:\Project\EffectiveWebChatServer\app.js: middleWare/getRequestStatus :: IP=::1 Path=/socket.io/?EIO=4&transport=polling&t=q8rmbg0u;
2024-10-14T08:03:08.267Z:info:C:\Project\EffectiveWebChatServer\app.js: middleWare/getRequestStatus :: IP=::1 Path=/socket.io/?EIO=4&transport=polling&t=q8vhjeld;
2024-10-14T08:03:13.280Z:info:C:\Project\EffectiveWebChatServer\app.js: middleWare/getRequestStatus :: IP=::1 Path=/socket.io/?EIO=4&transport=polling&t=q8zcnz9z;
2024-10-14T08:03:18.288Z:info:C:\Project\EffectiveWebChatServer\app.js: middleWare/getRequestStatus :: IP=::1 Path=/socket.io/?EIO=4&transport=polling&t=q937wzqn;
2024-10-14T08:03:23.298Z:info:C:\Project\EffectiveWebChatServer\app.js: middleWare/getRequestStatus :: IP=::1 Path=/socket.io/?EIO=4&transport=polling&t=q973048j;
2024-10-14T08:03:28.310Z:info:C:\Project\EffectiveWebChatServer\app.js: middleWare/getRequestStatus :: IP=::1 Path=/socket.io/?EIO=4&transport=polling&t=q9ay90fl;
2024-10-14T08:03:33.321Z:info:C:\Project\EffectiveWebChatServer\app.js: middleWare/getRequestStatus :: IP=::1 Path=/socket.io/?EIO=4&transport=polling&t=q9etgttx;
2024-10-14T08:03:38.330Z:info:C:\Project\EffectiveWebChatServer\app.js: middleWare/getRequestStatus :: IP=::1 Path=/socket.io/?EIO=4&transport=polling&t=q9iom1yd;
2024-10-14T08:03:43.340Z:info:C:\Project\EffectiveWebChatServer\app.js: middleWare/getRequestStatus :: IP=::1 Path=/socket.io/?EIO=4&transport=polling&t=q9mjsjhk;
2024-10-14T08:03:48.350Z:info:C:\Project\EffectiveWebChatServer\app.js: middleWare/getRequestStatus :: IP=::1 Path=/socket.io/?EIO=4&transport=polling&t=q9qez1u2;
2024-10-14T08:03:53.364Z:info:C:\Project\EffectiveWebChatServer\app.js: middleWare/getRequestStatus :: IP=::1 Path=/socket.io/?EIO=4&transport=polling&t=q9ua8ma4;
2024-10-14T08:03:58.373Z:info:C:\Project\EffectiveWebChatServer\app.js: middleWare/getRequestStatus :: IP=::1 Path=/socket.io/?EIO=4&transport=polling&t=q9y5eu6i;
2024-10-14T08:04:03.381Z:info:C:\Project\EffectiveWebChatServer\app.js: middleWare/getRequestStatus :: IP=::1 Path=/socket.io/?EIO=4&transport=polling&t=qa20irmy;
2024-10-14T08:04:08.392Z:info:C:\Project\EffectiveWebChatServer\app.js: middleWare/getRequestStatus :: IP=::1 Path=/socket.io/?EIO=4&transport=polling&t=qa5vnd9u;
2024-10-14T08:04:13.401Z:info:C:\Project\EffectiveWebChatServer\app.js: middleWare/getRequestStatus :: IP=::1 Path=/socket.io/?EIO=4&transport=polling&t=qa9qsx8v;
2024-10-14T08:04:18.410Z:info:C:\Project\EffectiveWebChatServer\app.js: middleWare/getRequestStatus :: IP=::1 Path=/socket.io/?EIO=4&transport=polling&t=qadlzlvb;
2024-10-14T08:04:23.417Z:info:C:\Project\EffectiveWebChatServer\app.js: middleWare/getRequestStatus :: IP=::1 Path=/socket.io/?EIO=4&transport=polling&t=qahh276f;
2024-10-14T08:04:28.426Z:info:C:\Project\EffectiveWebChatServer\app.js: middleWare/getRequestStatus :: IP=::1 Path=/socket.io/?EIO=4&transport=polling&t=qalc7z9d;
2024-10-14T08:04:33.435Z:info:C:\Project\EffectiveWebChatServer\app.js: middleWare/getRequestStatus :: IP=::1 Path=/socket.io/?EIO=4&transport=polling&t=qap7cdo3;
2024-10-14T08:04:38.445Z:info:C:\Project\EffectiveWebChatServer\app.js: middleWare/getRequestStatus :: IP=::1 Path=/socket.io/?EIO=4&transport=polling&t=qat2h3pw;
2024-10-14T08:04:43.453Z:info:C:\Project\EffectiveWebChatServer\app.js: middleWare/getRequestStatus :: IP=::1 Path=/socket.io/?EIO=4&transport=polling&t=qawxmwuh;
2024-10-14T08:04:48.462Z:info:C:\Project\EffectiveWebChatServer\app.js: middleWare/getRequestStatus :: IP=::1 Path=/socket.io/?EIO=4&transport=polling&t=qb0sqbky;
2024-10-14T08:04:53.471Z:info:C:\Project\EffectiveWebChatServer\app.js: middleWare/getRequestStatus :: IP=::1 Path=/socket.io/?EIO=4&transport=polling&t=qb4nw63y;
2024-10-14T08:04:58.481Z:info:C:\Project\EffectiveWebChatServer\app.js: middleWare/getRequestStatus :: IP=::1 Path=/socket.io/?EIO=4&transport=polling&t=qb8j1vrw;
2024-10-14T08:05:03.491Z:info:C:\Project\EffectiveWebChatServer\app.js: middleWare/getRequestStatus :: IP=::1 Path=/socket.io/?EIO=4&transport=polling&t=qbce76lt;
2024-10-14T08:05:08.502Z:info:C:\Project\EffectiveWebChatServer\app.js: middleWare/getRequestStatus :: IP=::1 Path=/socket.io/?EIO=4&transport=polling&t=qbg9dged;
2024-10-14T08:05:13.512Z:info:C:\Project\EffectiveWebChatServer\app.js: middleWare/getRequestStatus :: IP=::1 Path=/socket.io/?EIO=4&transport=polling&t=qbk4j8h1;
2024-10-14T08:05:18.522Z:info:C:\Project\EffectiveWebChatServer\app.js: middleWare/getRequestStatus :: IP=::1 Path=/socket.io/?EIO=4&transport=polling&t=qbnzqgmb;
2024-10-14T08:05:23.531Z:info:C:\Project\EffectiveWebChatServer\app.js: middleWare/getRequestStatus :: IP=::1 Path=/socket.io/?EIO=4&transport=polling&t=qbruvsxe;
2024-10-14T08:05:28.540Z:info:C:\Project\EffectiveWebChatServer\app.js: middleWare/getRequestStatus :: IP=::1 Path=/socket.io/?EIO=4&transport=polling&t=qbvq1mc8;
2024-10-14T08:05:33.552Z:info:C:\Project\EffectiveWebChatServer\app.js: middleWare/getRequestStatus :: IP=::1 Path=/socket.io/?EIO=4&transport=polling&t=qbzl7lrw;
2024-10-14T08:05:38.563Z:info:C:\Project\EffectiveWebChatServer\app.js: middleWare/getRequestStatus :: IP=::1 Path=/socket.io/?EIO=4&transport=polling&t=qc3ggml4;
2024-10-14T08:05:43.571Z:info:C:\Project\EffectiveWebChatServer\app.js: middleWare/getRequestStatus :: IP=::1 Path=/socket.io/?EIO=4&transport=polling&t=qc7bklmd;
2024-10-14T08:05:48.580Z:info:C:\Project\EffectiveWebChatServer\app.js: middleWare/getRequestStatus :: IP=::1 Path=/socket.io/?EIO=4&transport=polling&t=qcb6o5ra;
2024-10-14T08:05:53.588Z:info:C:\Project\EffectiveWebChatServer\app.js: middleWare/getRequestStatus :: IP=::1 Path=/socket.io/?EIO=4&transport=polling&t=qcf1tfbp;
2024-10-14T08:05:58.597Z:info:C:\Project\EffectiveWebChatServer\app.js: middleWare/getRequestStatus :: IP=::1 Path=/socket.io/?EIO=4&transport=polling&t=qciwy442;
2024-10-14T08:06:03.605Z:info:C:\Project\EffectiveWebChatServer\app.js: middleWare/getRequestStatus :: IP=::1 Path=/socket.io/?EIO=4&transport=polling&t=qcms2xvb;
2024-10-14T08:06:08.614Z:info:C:\Project\EffectiveWebChatServer\app.js: middleWare/getRequestStatus :: IP=::1 Path=/socket.io/?EIO=4&transport=polling&t=qcqn5vsg;
2024-10-14T08:06:10.404Z:info:C:\Project\EffectiveWebChatServer\app.js: middleWare/getRequestStatus :: IP=::1 Path=/socket.io/?EIO=4&transport=polling&t=qcs05do2;
2024-10-14T08:06:10.430Z:info:C:\Project\EffectiveWebChatServer\app.js: middleWare/getRequestStatus :: IP=::1 Path=/socket.io/?EIO=4&transport=polling&t=qcs09avm;
2024-10-14T08:06:11.994Z:info:C:\Project\EffectiveWebChatServer\app.js: middleWare/getRequestStatus :: IP=::1 Path=/socket.io/?EIO=4&transport=polling&t=qct937mf;
2024-10-14T08:06:13.583Z:info:C:\Project\EffectiveWebChatServer\app.js: middleWare/getRequestStatus :: IP=::1 Path=/socket.io/?EIO=4&transport=polling&t=qcuh7cnb;
2024-10-14T08:06:15.888Z:info:C:\Project\EffectiveWebChatServer\app.js: middleWare/getRequestStatus :: IP=::1 Path=/socket.io/?EIO=4&transport=polling&t=qcw98pi7;
2024-10-14T08:06:20.898Z:info:C:\Project\EffectiveWebChatServer\app.js: middleWare/getRequestStatus :: IP=::1 Path=/socket.io/?EIO=4&transport=polling&t=qd04drha;
2024-10-14T08:06:25.906Z:info:C:\Project\EffectiveWebChatServer\app.js: middleWare/getRequestStatus :: IP=::1 Path=/socket.io/?EIO=4&transport=polling&t=qd3zjgj9;
2024-10-14T08:06:30.915Z:info:C:\Project\EffectiveWebChatServer\app.js: middleWare/getRequestStatus :: IP=::1 Path=/socket.io/?EIO=4&transport=polling&t=qd7uob66;
2024-10-14T08:06:35.924Z:info:C:\Project\EffectiveWebChatServer\app.js: middleWare/getRequestStatus :: IP=::1 Path=/socket.io/?EIO=4&transport=polling&t=qdbptovs;
2024-10-14T08:06:40.935Z:info:C:\Project\EffectiveWebChatServer\app.js: middleWare/getRequestStatus :: IP=::1 Path=/socket.io/?EIO=4&transport=polling&t=qdfkzeyl;
2024-10-14T08:06:45.945Z:info:C:\Project\EffectiveWebChatServer\app.js: middleWare/getRequestStatus :: IP=::1 Path=/socket.io/?EIO=4&transport=polling&t=qdjg308y;
2024-10-14T08:06:46.957Z:info:C:\Project\EffectiveWebChatServer\app.js: middleWare/getRequestStatus :: IP=::1 Path=/socket.io/?EIO=4&transport=polling&t=qdk8ayzr;
2024-10-14T08:06:48.317Z:info:C:\Project\EffectiveWebChatServer\app.js: middleWare/getRequestStatus :: IP=::1 Path=/socket.io/?EIO=4&transport=polling&t=qdla32uv;
2024-10-14T08:06:50.248Z:info:C:\Project\EffectiveWebChatServer\app.js: middleWare/getRequestStatus :: IP=::1 Path=/socket.io/?EIO=4&transport=polling&t=qdmrqyte;
2024-10-14T08:06:53.646Z:info:C:\Project\EffectiveWebChatServer\app.js: middleWare/getRequestStatus :: IP=::1 Path=/socket.io/?EIO=4&transport=polling&t=qdpe3t51;
2024-10-14T08:06:54.248Z:info:C:\Project\EffectiveWebChatServer\app.js: middleWare/getRequestStatus :: IP=::1 Path=/socket.io/?EIO=4&transport=polling&t=qdputcz2;
2024-10-14T08:06:56.962Z:info:C:\Project\EffectiveWebChatServer\app.js: middleWare/getRequestStatus :: IP=::1 Path=/socket.io/?EIO=4&transport=polling&t=qdry7v44;
2024-10-14T08:07:00.867Z:info:C:\Project\EffectiveWebChatServer\app.js: middleWare/getRequestStatus :: IP=::1 Path=/socket.io/?EIO=4&transport=polling&t=qduyo9a9;
2024-10-14T08:07:05.875Z:info:C:\Project\EffectiveWebChatServer\app.js: middleWare/getRequestStatus :: IP=::1 Path=/socket.io/?EIO=4&transport=polling&t=qdytsoii;
2024-10-14T08:07:10.884Z:info:C:\Project\EffectiveWebChatServer\app.js: middleWare/getRequestStatus :: IP=::1 Path=/socket.io/?EIO=4&transport=polling&t=qe2owmdi;
2024-10-14T08:07:15.892Z:info:C:\Project\EffectiveWebChatServer\app.js: middleWare/getRequestStatus :: IP=::1 Path=/socket.io/?EIO=4&transport=polling&t=qe6k0y42;
2024-10-14T08:07:20.901Z:info:C:\Project\EffectiveWebChatServer\app.js: middleWare/getRequestStatus :: IP=::1 Path=/socket.io/?EIO=4&transport=polling&t=qeaf5pk9;
2024-10-14T08:07:25.911Z:info:C:\Project\EffectiveWebChatServer\app.js: middleWare/getRequestStatus :: IP=::1 Path=/socket.io/?EIO=4&transport=polling&t=qeeaayas;
2024-10-14T08:07:30.920Z:info:C:\Project\EffectiveWebChatServer\app.js: middleWare/getRequestStatus :: IP=::1 Path=/socket.io/?EIO=4&transport=polling&t=qei5hljv;
2024-10-14T08:07:35.929Z:info:C:\Project\EffectiveWebChatServer\app.js: middleWare/getRequestStatus :: IP=::1 Path=/socket.io/?EIO=4&transport=polling&t=qem0lgfy;
2024-10-14T08:07:38.445Z:info:C:\Project\EffectiveWebChatServer\app.js: middleWare/getRequestStatus :: IP=::1 Path=/socket.io/?EIO=4&transport=polling&t=qeny9sqt;
2024-10-14T08:07:38.449Z:info:C:\Project\EffectiveWebChatServer\app.js: middleWare/getRequestStatus :: IP=::1 Path=/socket.io/?EIO=4&transport=polling&t=qenydw5n;
2024-10-14T08:07:39.769Z:info:C:\Project\EffectiveWebChatServer\app.js: middleWare/getRequestStatus :: IP=::1 Path=/socket.io/?EIO=4&transport=polling&t=qeoz96uq;
2024-10-14T08:07:41.903Z:info:C:\Project\EffectiveWebChatServer\app.js: middleWare/getRequestStatus :: IP=::1 Path=/socket.io/?EIO=4&transport=polling&t=qeqmjqqa;
2024-10-14T08:07:45.774Z:info:C:\Project\EffectiveWebChatServer\app.js: middleWare/getRequestStatus :: IP=::1 Path=/socket.io/?EIO=4&transport=polling&t=qetm3yxm;
2024-10-14T08:07:50.782Z:info:C:\Project\EffectiveWebChatServer\app.js: middleWare/getRequestStatus :: IP=::1 Path=/socket.io/?EIO=4&transport=polling&t=qexh71gv;
2024-10-14T08:07:55.793Z:info:C:\Project\EffectiveWebChatServer\app.js: middleWare/getRequestStatus :: IP=::1 Path=/socket.io/?EIO=4&transport=polling&t=qf1cdahy;
2024-10-14T08:08:00.820Z:info:C:\Project\EffectiveWebChatServer\app.js: middleWare/getRequestStatus :: IP=::1 Path=/socket.io/?EIO=4&transport=polling&t=qf57z798;
2024-10-14T08:08:05.830Z:info:C:\Project\EffectiveWebChatServer\app.js: middleWare/getRequestStatus :: IP=::1 Path=/socket.io/?EIO=4&transport=polling&t=qf9350o1;
2024-10-14T08:08:10.840Z:info:C:\Project\EffectiveWebChatServer\app.js: middleWare/getRequestStatus :: IP=::1 Path=/socket.io/?EIO=4&transport=polling&t=qfcyc1g4;
2024-10-14T08:08:15.852Z:info:C:\Project\EffectiveWebChatServer\app.js: middleWare/getRequestStatus :: IP=::1 Path=/socket.io/?EIO=4&transport=polling&t=qfgtkz0p;
2024-10-14T08:08:20.863Z:info:C:\Project\EffectiveWebChatServer\app.js: middleWare/getRequestStatus :: IP=::1 Path=/socket.io/?EIO=4&transport=polling&t=qfkoo3l6;
2024-10-14T08:08:25.873Z:info:C:\Project\EffectiveWebChatServer\app.js: middleWare/getRequestStatus :: IP=::1 Path=/socket.io/?EIO=4&transport=polling&t=qfojxsvl;
2024-10-14T08:08:30.884Z:info:C:\Project\EffectiveWebChatServer\app.js: middleWare/getRequestStatus :: IP=::1 Path=/socket.io/?EIO=4&transport=polling&t=qfsf5mh8;
2024-10-14T08:08:35.894Z:info:C:\Project\EffectiveWebChatServer\app.js: middleWare/getRequestStatus :: IP=::1 Path=/socket.io/?EIO=4&transport=polling&t=qfwaaycg;
2024-10-14T08:08:40.902Z:info:C:\Project\EffectiveWebChatServer\app.js: middleWare/getRequestStatus :: IP=::1 Path=/socket.io/?EIO=4&transport=polling&t=qg05fy55;
2024-10-14T08:08:53.229Z:info:C:\Project\EffectiveWebChatServer\app.js: middleWare/getRequestStatus :: IP=::1 Path=/socket.io/?EIO=4&transport=polling&t=qg8vpoo9;
2024-10-14T08:08:58.242Z:info:C:\Project\EffectiveWebChatServer\app.js: middleWare/getRequestStatus :: IP=::ffff:127.0.0.1 Path=/socket.io/?EIO=4&transport=polling&t=qgdj24d0;
2024-10-14T08:09:03.253Z:info:C:\Project\EffectiveWebChatServer\app.js: middleWare/getRequestStatus :: IP=::1 Path=/socket.io/?EIO=4&transport=polling&t=qghe915q;
2024-10-14T08:09:08.263Z:info:C:\Project\EffectiveWebChatServer\app.js: middleWare/getRequestStatus :: IP=::1 Path=/socket.io/?EIO=4&transport=polling&t=qgl9ekz5;
2024-10-14T08:09:13.272Z:info:C:\Project\EffectiveWebChatServer\app.js: middleWare/getRequestStatus :: IP=::1 Path=/socket.io/?EIO=4&transport=polling&t=qgp4kvbj;
2024-10-14T08:09:18.281Z:info:C:\Project\EffectiveWebChatServer\app.js: middleWare/getRequestStatus :: IP=::1 Path=/socket.io/?EIO=4&transport=polling&t=qgszptad;
2024-10-14T08:09:23.290Z:info:C:\Project\EffectiveWebChatServer\app.js: middleWare/getRequestStatus :: IP=::1 Path=/socket.io/?EIO=4&transport=polling&t=qgwut0g3;
2024-10-14T08:09:28.300Z:info:C:\Project\EffectiveWebChatServer\app.js: middleWare/getRequestStatus :: IP=::1 Path=/socket.io/?EIO=4&transport=polling&t=qh0q13rs;
2024-10-14T08:09:33.308Z:info:C:\Project\EffectiveWebChatServer\app.js: middleWare/getRequestStatus :: IP=::1 Path=/socket.io/?EIO=4&transport=polling&t=qh4l5tw2;
2024-10-14T08:09:38.318Z:info:C:\Project\EffectiveWebChatServer\app.js: middleWare/getRequestStatus :: IP=::1 Path=/socket.io/?EIO=4&transport=polling&t=qh8gafnh;
2024-10-14T08:09:43.328Z:info:C:\Project\EffectiveWebChatServer\app.js: middleWare/getRequestStatus :: IP=::1 Path=/socket.io/?EIO=4&transport=polling&t=qhcbg69m;
2024-10-14T08:09:48.338Z:info:C:\Project\EffectiveWebChatServer\app.js: middleWare/getRequestStatus :: IP=::1 Path=/socket.io/?EIO=4&transport=polling&t=qhg6ms2r;
2024-10-14T08:09:53.349Z:info:C:\Project\EffectiveWebChatServer\app.js: middleWare/getRequestStatus :: IP=::1 Path=/socket.io/?EIO=4&transport=polling&t=qhk1tmjl;
2024-10-14T08:09:58.357Z:info:C:\Project\EffectiveWebChatServer\app.js: middleWare/getRequestStatus :: IP=::1 Path=/socket.io/?EIO=4&transport=polling&t=qhnwxvfi;
2024-10-14T08:10:03.379Z:info:C:\Project\EffectiveWebChatServer\app.js: middleWare/getRequestStatus :: IP=::1 Path=/socket.io/?EIO=4&transport=polling&t=qhrs335t;
2024-10-14T08:10:04.274Z:info:C:\Project\EffectiveWebChatServer\app.js: middleWare/getRequestStatus :: IP=::1 Path=/socket.io/?EIO=4&transport=polling&t=qhseyupf;
2024-10-14T08:10:04.327Z:info:C:\Project\EffectiveWebChatServer\app.js: middleWare/getRequestStatus :: IP=::1 Path=/socket.io/?EIO=4&transport=polling&t=qhsf3yci;
2024-10-14T08:10:05.244Z:info:C:\Project\EffectiveWebChatServer\app.js: middleWare/getRequestStatus :: IP=::1 Path=/socket.io/?EIO=4&transport=polling&t=qht88hnw;
2024-10-14T08:10:07.020Z:info:C:\Project\EffectiveWebChatServer\app.js: middleWare/getRequestStatus :: IP=::1 Path=/socket.io/?EIO=4&transport=polling&t=qhullqms;
2024-10-14T08:10:11.421Z:info:C:\Project\EffectiveWebChatServer\app.js: middleWare/getRequestStatus :: IP=::1 Path=/socket.io/?EIO=4&transport=polling&t=qhxztfx3;
2024-10-14T08:10:16.430Z:info:C:\Project\EffectiveWebChatServer\app.js: middleWare/getRequestStatus :: IP=::1 Path=/socket.io/?EIO=4&transport=polling&t=qi1uy1b7;
2024-10-14T08:10:21.438Z:info:C:\Project\EffectiveWebChatServer\app.js: middleWare/getRequestStatus :: IP=::1 Path=/socket.io/?EIO=4&transport=polling&t=qi5q2aeg;
2024-10-14T08:10:26.447Z:info:C:\Project\EffectiveWebChatServer\app.js: middleWare/getRequestStatus :: IP=::1 Path=/socket.io/?EIO=4&transport=polling&t=qi9l7sig;
2024-10-14T08:10:31.455Z:info:C:\Project\EffectiveWebChatServer\app.js: middleWare/getRequestStatus :: IP=::1 Path=/socket.io/?EIO=4&transport=polling&t=qidgc9ur;
2024-10-14T08:10:36.463Z:info:C:\Project\EffectiveWebChatServer\app.js: middleWare/getRequestStatus :: IP=::1 Path=/socket.io/?EIO=4&transport=polling&t=qihbhh97;
2024-10-14T08:10:41.472Z:info:C:\Project\EffectiveWebChatServer\app.js: middleWare/getRequestStatus :: IP=::1 Path=/socket.io/?EIO=4&transport=polling&t=qil6kz7b;
2024-10-14T08:10:46.480Z:info:C:\Project\EffectiveWebChatServer\app.js: middleWare/getRequestStatus :: IP=::1 Path=/socket.io/?EIO=4&transport=polling&t=qip1okxv;
2024-10-14T08:10:51.499Z:info:C:\Project\EffectiveWebChatServer\app.js: middleWare/getRequestStatus :: IP=::1 Path=/socket.io/?EIO=4&transport=polling&t=qiswt3ss;
2024-10-14T08:10:56.510Z:info:C:\Project\EffectiveWebChatServer\app.js: middleWare/getRequestStatus :: IP=::1 Path=/socket.io/?EIO=4&transport=polling&t=qiws9i3j;
2024-10-14T08:11:01.518Z:info:C:\Project\EffectiveWebChatServer\app.js: middleWare/getRequestStatus :: IP=::1 Path=/socket.io/?EIO=4&transport=polling&t=qj0ne2qt;
2024-10-14T08:11:06.527Z:info:C:\Project\EffectiveWebChatServer\app.js: middleWare/getRequestStatus :: IP=::1 Path=/socket.io/?EIO=4&transport=polling&t=qj4ii7xh;
2024-10-14T08:11:11.536Z:info:C:\Project\EffectiveWebChatServer\app.js: middleWare/getRequestStatus :: IP=::1 Path=/socket.io/?EIO=4&transport=polling&t=qj8dn021;
2024-10-14T08:11:16.544Z:info:C:\Project\EffectiveWebChatServer\app.js: middleWare/getRequestStatus :: IP=::1 Path=/socket.io/?EIO=4&transport=polling&t=qjc8r2tc;
2024-10-14T08:11:21.554Z:info:C:\Project\EffectiveWebChatServer\app.js: middleWare/getRequestStatus :: IP=::1 Path=/socket.io/?EIO=4&transport=polling&t=qjg3xuy6;
2024-10-14T08:11:26.562Z:info:C:\Project\EffectiveWebChatServer\app.js: middleWare/getRequestStatus :: IP=::1 Path=/socket.io/?EIO=4&transport=polling&t=qjjz25jj;
2024-10-14T08:11:31.578Z:info:C:\Project\EffectiveWebChatServer\app.js: middleWare/getRequestStatus :: IP=::1 Path=/socket.io/?EIO=4&transport=polling&t=qjnu62rj;
2024-10-14T08:11:36.589Z:info:C:\Project\EffectiveWebChatServer\app.js: middleWare/getRequestStatus :: IP=::1 Path=/socket.io/?EIO=4&transport=polling&t=qjrpl7ej;
2024-10-14T08:11:41.599Z:info:C:\Project\EffectiveWebChatServer\app.js: middleWare/getRequestStatus :: IP=::1 Path=/socket.io/?EIO=4&transport=polling&t=qjvkry1w;
2024-10-14T08:11:42.874Z:info:C:\Project\EffectiveWebChatServer\app.js: middleWare/getRequestStatus :: IP=::1 Path=/socket.io/?EIO=4&transport=polling&t=qjwjtp35;
2024-10-14T08:11:42.928Z:info:C:\Project\EffectiveWebChatServer\app.js: middleWare/getRequestStatus :: IP=::1 Path=/socket.io/?EIO=4&transport=polling&t=qjwjwdfc;
2024-10-14T08:11:44.120Z:info:C:\Project\EffectiveWebChatServer\app.js: middleWare/getRequestStatus :: IP=::1 Path=/socket.io/?EIO=4&transport=polling&t=qjxitihh;
2024-10-14T08:11:46.451Z:info:C:\Project\EffectiveWebChatServer\app.js: middleWare/getRequestStatus :: IP=::1 Path=/socket.io/?EIO=4&transport=polling&t=qjzbkrp9;
2024-10-14T08:11:49.958Z:info:C:\Project\EffectiveWebChatServer\app.js: middleWare/getRequestStatus :: IP=::1 Path=/socket.io/?EIO=4&transport=polling&t=qk20z2eu;
2024-10-14T08:11:54.968Z:info:C:\Project\EffectiveWebChatServer\app.js: middleWare/getRequestStatus :: IP=::1 Path=/socket.io/?EIO=4&transport=polling&t=qk5w54ks;
2024-10-14T08:11:57.413Z:info:C:\Project\EffectiveWebChatServer\app.js: middleWare/getRequestStatus :: IP=::1 Path=/socket.io/?EIO=4&transport=polling&t=qk7s2gd4;
2024-10-14T08:11:57.452Z:info:C:\Project\EffectiveWebChatServer\app.js: middleWare/getRequestStatus :: IP=::1 Path=/socket.io/?EIO=4&transport=polling&t=qk7s9oqk;
2024-10-14T08:11:58.754Z:info:C:\Project\EffectiveWebChatServer\app.js: middleWare/getRequestStatus :: IP=::1 Path=/socket.io/?EIO=4&transport=polling&t=qk8tawtr;
2024-10-14T08:11:59.920Z:info:C:\Project\EffectiveWebChatServer\app.js: middleWare/getRequestStatus :: IP=::1 Path=/socket.io/?EIO=4&transport=polling&t=qk9pp4kn;
2024-10-14T08:12:04.929Z:info:C:\Project\EffectiveWebChatServer\app.js: middleWare/getRequestStatus :: IP=::1 Path=/socket.io/?EIO=4&transport=polling&t=qkdkuqxa;
2024-10-14T08:12:09.938Z:info:C:\Project\EffectiveWebChatServer\app.js: middleWare/getRequestStatus :: IP=::1 Path=/socket.io/?EIO=4&transport=polling&t=qkhfyuxf;
2024-10-14T08:12:14.949Z:info:C:\Project\EffectiveWebChatServer\app.js: middleWare/getRequestStatus :: IP=::1 Path=/socket.io/?EIO=4&transport=polling&t=qklb4quz;
2024-10-14T08:12:19.971Z:info:C:\Project\EffectiveWebChatServer\app.js: middleWare/getRequestStatus :: IP=::1 Path=/socket.io/?EIO=4&transport=polling&t=qkp6bkio;
2024-10-14T08:12:24.985Z:info:C:\Project\EffectiveWebChatServer\app.js: middleWare/getRequestStatus :: IP=::1 Path=/socket.io/?EIO=4&transport=polling&t=qkt1v1d3;
2024-10-14T08:12:29.999Z:info:C:\Project\EffectiveWebChatServer\app.js: middleWare/getRequestStatus :: IP=::1 Path=/socket.io/?EIO=4&transport=polling&t=qkwx6psb;
2024-10-14T08:12:35.009Z:info:C:\Project\EffectiveWebChatServer\app.js: middleWare/getRequestStatus :: IP=::1 Path=/socket.io/?EIO=4&transport=polling&t=ql0seb01;
2024-10-14T08:12:40.019Z:info:C:\Project\EffectiveWebChatServer\app.js: middleWare/getRequestStatus :: IP=::1 Path=/socket.io/?EIO=4&transport=polling&t=ql4njzes;
2024-10-14T08:12:45.029Z:info:C:\Project\EffectiveWebChatServer\app.js: middleWare/getRequestStatus :: IP=::1 Path=/socket.io/?EIO=4&transport=polling&t=ql8ip7mx;
2024-10-14T08:12:50.038Z:info:C:\Project\EffectiveWebChatServer\app.js: middleWare/getRequestStatus :: IP=::1 Path=/socket.io/?EIO=4&transport=polling&t=qlcdvw41;
2024-10-14T08:12:55.047Z:info:C:\Project\EffectiveWebChatServer\app.js: middleWare/getRequestStatus :: IP=::1 Path=/socket.io/?EIO=4&transport=polling&t=qlg90vp9;
2024-10-14T08:13:00.058Z:info:C:\Project\EffectiveWebChatServer\app.js: middleWare/getRequestStatus :: IP=::1 Path=/socket.io/?EIO=4&transport=polling&t=qlk45st3;
2024-10-14T08:13:05.067Z:info:C:\Project\EffectiveWebChatServer\app.js: middleWare/getRequestStatus :: IP=::1 Path=/socket.io/?EIO=4&transport=polling&t=qlnzc7vk;
2024-10-14T08:13:10.077Z:info:C:\Project\EffectiveWebChatServer\app.js: middleWare/getRequestStatus :: IP=::1 Path=/socket.io/?EIO=4&transport=polling&t=qlrui73x;
2024-10-14T08:13:15.088Z:info:C:\Project\EffectiveWebChatServer\app.js: middleWare/getRequestStatus :: IP=::1 Path=/socket.io/?EIO=4&transport=polling&t=qlvpo0q2;
2024-10-14T08:13:20.098Z:info:C:\Project\EffectiveWebChatServer\app.js: middleWare/getRequestStatus :: IP=::1 Path=/socket.io/?EIO=4&transport=polling&t=qlzkuw0z;
2024-10-14T08:13:25.108Z:info:C:\Project\EffectiveWebChatServer\app.js: middleWare/getRequestStatus :: IP=::1 Path=/socket.io/?EIO=4&transport=polling&t=qm3g0o0g;
2024-10-14T08:13:30.118Z:info:C:\Project\EffectiveWebChatServer\app.js: middleWare/getRequestStatus :: IP=::1 Path=/socket.io/?EIO=4&transport=polling&t=qm7b5awm;
2024-10-14T08:13:35.127Z:info:C:\Project\EffectiveWebChatServer\app.js: middleWare/getRequestStatus :: IP=::1 Path=/socket.io/?EIO=4&transport=polling&t=qmb6c5fw;
2024-10-14T08:13:40.137Z:info:C:\Project\EffectiveWebChatServer\app.js: middleWare/getRequestStatus :: IP=::1 Path=/socket.io/?EIO=4&transport=polling&t=qmf1ijg1;
2024-10-14T08:13:45.148Z:info:C:\Project\EffectiveWebChatServer\app.js: middleWare/getRequestStatus :: IP=::1 Path=/socket.io/?EIO=4&transport=polling&t=qmiwpyqn;
2024-10-14T08:13:50.159Z:info:C:\Project\EffectiveWebChatServer\app.js: middleWare/getRequestStatus :: IP=::1 Path=/socket.io/?EIO=4&transport=polling&t=qmmrvw1m;
2024-10-14T08:13:55.168Z:info:C:\Project\EffectiveWebChatServer\app.js: middleWare/getRequestStatus :: IP=::1 Path=/socket.io/?EIO=4&transport=polling&t=qmqn18fl;
2024-10-14T08:14:00.177Z:info:C:\Project\EffectiveWebChatServer\app.js: middleWare/getRequestStatus :: IP=::1 Path=/socket.io/?EIO=4&transport=polling&t=qmui68sb;
2024-10-14T08:14:05.187Z:info:C:\Project\EffectiveWebChatServer\app.js: middleWare/getRequestStatus :: IP=::1 Path=/socket.io/?EIO=4&transport=polling&t=qmydb42q;
2024-10-14T08:14:10.198Z:info:C:\Project\EffectiveWebChatServer\app.js: middleWare/getRequestStatus :: IP=::1 Path=/socket.io/?EIO=4&transport=polling&t=qn28iv60;
2024-10-14T08:14:15.207Z:info:C:\Project\EffectiveWebChatServer\app.js: middleWare/getRequestStatus :: IP=::1 Path=/socket.io/?EIO=4&transport=polling&t=qn63nibm;
2024-10-14T08:14:20.216Z:info:C:\Project\EffectiveWebChatServer\app.js: middleWare/getRequestStatus :: IP=::1 Path=/socket.io/?EIO=4&transport=polling&t=qn9yss5l;
2024-10-14T08:14:25.225Z:info:C:\Project\EffectiveWebChatServer\app.js: middleWare/getRequestStatus :: IP=::1 Path=/socket.io/?EIO=4&transport=polling&t=qndtxkxm;
2024-10-14T08:14:30.234Z:info:C:\Project\EffectiveWebChatServer\app.js: middleWare/getRequestStatus :: IP=::1 Path=/socket.io/?EIO=4&transport=polling&t=qnhp2xn5;
2024-10-14T08:14:35.243Z:info:C:\Project\EffectiveWebChatServer\app.js: middleWare/getRequestStatus :: IP=::1 Path=/socket.io/?EIO=4&transport=polling&t=qnlk815f;
2024-10-14T08:14:40.253Z:info:C:\Project\EffectiveWebChatServer\app.js: middleWare/getRequestStatus :: IP=::1 Path=/socket.io/?EIO=4&transport=polling&t=qnpfdifk;
2024-10-14T08:14:45.263Z:info:C:\Project\EffectiveWebChatServer\app.js: middleWare/getRequestStatus :: IP=::1 Path=/socket.io/?EIO=4&transport=polling&t=qntajx35;
2024-10-14T08:14:50.272Z:info:C:\Project\EffectiveWebChatServer\app.js: middleWare/getRequestStatus :: IP=::1 Path=/socket.io/?EIO=4&transport=polling&t=qnx5o722;
2024-10-14T08:14:55.406Z:info:C:\Project\EffectiveWebChatServer\app.js: middleWare/getRequestStatus :: IP=::1 Path=/socket.io/?EIO=4&transport=polling&t=qo14bi89;
2024-10-14T08:15:01.407Z:info:C:\Project\EffectiveWebChatServer\app.js: middleWare/getRequestStatus :: IP=::1 Path=/socket.io/?EIO=4&transport=polling&t=qo5qzawx;
2024-10-14T08:15:07.405Z:info:C:\Project\EffectiveWebChatServer\app.js: middleWare/getRequestStatus :: IP=::1 Path=/socket.io/?EIO=4&transport=polling&t=qoadm7lm;
2024-10-14T08:15:13.406Z:info:C:\Project\EffectiveWebChatServer\app.js: middleWare/getRequestStatus :: IP=::1 Path=/socket.io/?EIO=4&transport=polling&t=qof0bnh7;
2024-10-14T08:15:19.406Z:info:C:\Project\EffectiveWebChatServer\app.js: middleWare/getRequestStatus :: IP=::1 Path=/socket.io/?EIO=4&transport=polling&t=qojmziyq;
2024-10-14T08:15:25.406Z:info:C:\Project\EffectiveWebChatServer\app.js: middleWare/getRequestStatus :: IP=::1 Path=/socket.io/?EIO=4&transport=polling&t=qoo9mtgc;
2024-10-14T08:15:31.407Z:info:C:\Project\EffectiveWebChatServer\app.js: middleWare/getRequestStatus :: IP=::1 Path=/socket.io/?EIO=4&transport=polling&t=qoswa82i;
2024-10-14T08:15:37.406Z:info:C:\Project\EffectiveWebChatServer\app.js: middleWare/getRequestStatus :: IP=::1 Path=/socket.io/?EIO=4&transport=polling&t=qoxiz1bg;
2024-10-14T08:15:43.407Z:info:C:\Project\EffectiveWebChatServer\app.js: middleWare/getRequestStatus :: IP=::1 Path=/socket.io/?EIO=4&transport=polling&t=qp25n0lg;
2024-10-14T08:15:49.406Z:info:C:\Project\EffectiveWebChatServer\app.js: middleWare/getRequestStatus :: IP=::1 Path=/socket.io/?EIO=4&transport=polling&t=qp6sbuer;
2024-10-14T08:15:55.407Z:info:C:\Project\EffectiveWebChatServer\app.js: middleWare/getRequestStatus :: IP=::1 Path=/socket.io/?EIO=4&transport=polling&t=qpbezlmh;
2024-10-14T08:16:01.406Z:info:C:\Project\EffectiveWebChatServer\app.js: middleWare/getRequestStatus :: IP=::1 Path=/socket.io/?EIO=4&transport=polling&t=qpg1me7z;
2024-10-14T08:16:07.406Z:info:C:\Project\EffectiveWebChatServer\app.js: middleWare/getRequestStatus :: IP=::1 Path=/socket.io/?EIO=4&transport=polling&t=qpkob3d9;
2024-10-14T08:16:13.406Z:info:C:\Project\EffectiveWebChatServer\app.js: middleWare/getRequestStatus :: IP=::1 Path=/socket.io/?EIO=4&transport=polling&t=qppay860;
2024-10-14T08:16:19.407Z:info:C:\Project\EffectiveWebChatServer\app.js: middleWare/getRequestStatus :: IP=::1 Path=/socket.io/?EIO=4&transport=polling&t=qptxnk2t;
2024-10-14T08:16:25.407Z:info:C:\Project\EffectiveWebChatServer\app.js: middleWare/getRequestStatus :: IP=::1 Path=/socket.io/?EIO=4&transport=polling&t=qpykbqex;
2024-10-14T08:16:31.406Z:info:C:\Project\EffectiveWebChatServer\app.js: middleWare/getRequestStatus :: IP=::1 Path=/socket.io/?EIO=4&transport=polling&t=qq36ybx5;
2024-10-14T08:16:37.406Z:info:C:\Project\EffectiveWebChatServer\app.js: middleWare/getRequestStatus :: IP=::1 Path=/socket.io/?EIO=4&transport=polling&t=qq7tnsua;
2024-10-14T08:16:43.406Z:info:C:\Project\EffectiveWebChatServer\app.js: middleWare/getRequestStatus :: IP=::1 Path=/socket.io/?EIO=4&transport=polling&t=qqcgah8n;
2024-10-14T08:16:49.409Z:info:C:\Project\EffectiveWebChatServer\app.js: middleWare/getRequestStatus :: IP=::1 Path=/socket.io/?EIO=4&transport=polling&t=qqh309oh;
2024-10-14T08:16:55.408Z:info:C:\Project\EffectiveWebChatServer\app.js: middleWare/getRequestStatus :: IP=::1 Path=/socket.io/?EIO=4&transport=polling&t=qqlpns1x;
2024-10-14T08:17:01.407Z:info:C:\Project\EffectiveWebChatServer\app.js: middleWare/getRequestStatus :: IP=::1 Path=/socket.io/?EIO=4&transport=polling&t=qqqcbzcp;
2024-10-14T08:17:07.407Z:info:C:\Project\EffectiveWebChatServer\app.js: middleWare/getRequestStatus :: IP=::1 Path=/socket.io/?EIO=4&transport=polling&t=qquyzuqb;
2024-10-14T08:17:13.407Z:info:C:\Project\EffectiveWebChatServer\app.js: middleWare/getRequestStatus :: IP=::1 Path=/socket.io/?EIO=4&transport=polling&t=qqzlnlvy;
2024-10-14T08:17:19.407Z:info:C:\Project\EffectiveWebChatServer\app.js: middleWare/getRequestStatus :: IP=::1 Path=/socket.io/?EIO=4&transport=polling&t=qr48be35;
2024-10-14T08:17:25.408Z:info:C:\Project\EffectiveWebChatServer\app.js: middleWare/getRequestStatus :: IP=::1 Path=/socket.io/?EIO=4&transport=polling&t=qr8uzgg0;
2024-10-14T08:17:31.407Z:info:C:\Project\EffectiveWebChatServer\app.js: middleWare/getRequestStatus :: IP=::1 Path=/socket.io/?EIO=4&transport=polling&t=qrdhna7p;
2024-10-14T08:17:37.407Z:info:C:\Project\EffectiveWebChatServer\app.js: middleWare/getRequestStatus :: IP=::1 Path=/socket.io/?EIO=4&transport=polling&t=qri4a1zm;
2024-10-14T08:17:43.408Z:info:C:\Project\EffectiveWebChatServer\app.js: middleWare/getRequestStatus :: IP=::1 Path=/socket.io/?EIO=4&transport=polling&t=qrmr0e13;
2024-10-14T08:17:49.408Z:info:C:\Project\EffectiveWebChatServer\app.js: middleWare/getRequestStatus :: IP=::1 Path=/socket.io/?EIO=4&transport=polling&t=qrrdoy3n;
2024-10-14T08:17:55.407Z:info:C:\Project\EffectiveWebChatServer\app.js: middleWare/getRequestStatus :: IP=::1 Path=/socket.io/?EIO=4&transport=polling&t=qrw0cuj6;
2024-10-14T08:18:01.407Z:info:C:\Project\EffectiveWebChatServer\app.js: middleWare/getRequestStatus :: IP=::1 Path=/socket.io/?EIO=4&transport=polling&t=qs0mzxzg;
2024-10-14T08:18:07.407Z:info:C:\Project\EffectiveWebChatServer\app.js: middleWare/getRequestStatus :: IP=::1 Path=/socket.io/?EIO=4&transport=polling&t=qs59nozf;
2024-10-14T08:18:13.408Z:info:C:\Project\EffectiveWebChatServer\app.js: middleWare/getRequestStatus :: IP=::1 Path=/socket.io/?EIO=4&transport=polling&t=qs9wc72y;
2024-10-14T08:18:19.408Z:info:C:\Project\EffectiveWebChatServer\app.js: middleWare/getRequestStatus :: IP=::1 Path=/socket.io/?EIO=4&transport=polling&t=qseizfkj;
2024-10-14T08:18:25.408Z:info:C:\Project\EffectiveWebChatServer\app.js: middleWare/getRequestStatus :: IP=::1 Path=/socket.io/?EIO=4&transport=polling&t=qsj5olcu;
2024-10-14T08:18:31.409Z:info:C:\Project\EffectiveWebChatServer\app.js: middleWare/getRequestStatus :: IP=::1 Path=/socket.io/?EIO=4&transport=polling&t=qsnsd3ik;
2024-10-14T08:18:37.408Z:info:C:\Project\EffectiveWebChatServer\app.js: middleWare/getRequestStatus :: IP=::1 Path=/socket.io/?EIO=4&transport=polling&t=qssf0fpf;
2024-10-14T08:18:43.408Z:info:C:\Project\EffectiveWebChatServer\app.js: middleWare/getRequestStatus :: IP=::1 Path=/socket.io/?EIO=4&transport=polling&t=qsx1osf7;
2024-10-14T08:18:49.407Z:info:C:\Project\EffectiveWebChatServer\app.js: middleWare/getRequestStatus :: IP=::1 Path=/socket.io/?EIO=4&transport=polling&t=qt1ocolf;
2024-10-14T08:18:55.408Z:info:C:\Project\EffectiveWebChatServer\app.js: middleWare/getRequestStatus :: IP=::1 Path=/socket.io/?EIO=4&transport=polling&t=qt6b05k7;
2024-10-14T08:19:01.408Z:info:C:\Project\EffectiveWebChatServer\app.js: middleWare/getRequestStatus :: IP=::1 Path=/socket.io/?EIO=4&transport=polling&t=qtaxog8e;
2024-10-14T08:19:07.408Z:info:C:\Project\EffectiveWebChatServer\app.js: middleWare/getRequestStatus :: IP=::1 Path=/socket.io/?EIO=4&transport=polling&t=qtfkd1ds;
2024-10-14T08:19:13.408Z:info:C:\Project\EffectiveWebChatServer\app.js: middleWare/getRequestStatus :: IP=::1 Path=/socket.io/?EIO=4&transport=polling&t=qtk70xam;
2024-10-14T08:19:19.408Z:info:C:\Project\EffectiveWebChatServer\app.js: middleWare/getRequestStatus :: IP=::1 Path=/socket.io/?EIO=4&transport=polling&t=qtotoc4e;
2024-10-14T08:19:25.409Z:info:C:\Project\EffectiveWebChatServer\app.js: middleWare/getRequestStatus :: IP=::1 Path=/socket.io/?EIO=4&transport=polling&t=qttgd208;
2024-10-14T08:19:31.409Z:info:C:\Project\EffectiveWebChatServer\app.js: middleWare/getRequestStatus :: IP=::1 Path=/socket.io/?EIO=4&transport=polling&t=qty30zrl;
2024-10-14T08:19:37.408Z:info:C:\Project\EffectiveWebChatServer\app.js: middleWare/getRequestStatus :: IP=::1 Path=/socket.io/?EIO=4&transport=polling&t=qu2poigx;
2024-10-14T08:19:43.409Z:info:C:\Project\EffectiveWebChatServer\app.js: middleWare/getRequestStatus :: IP=::1 Path=/socket.io/?EIO=4&transport=polling&t=qu7cdfem;
2024-10-14T08:19:49.408Z:info:C:\Project\EffectiveWebChatServer\app.js: middleWare/getRequestStatus :: IP=::1 Path=/socket.io/?EIO=4&transport=polling&t=qubz1dvc;
2024-10-14T08:19:55.408Z:info:C:\Project\EffectiveWebChatServer\app.js: middleWare/getRequestStatus :: IP=::1 Path=/socket.io/?EIO=4&transport=polling&t=quglpiay;
2024-10-14T08:20:01.409Z:info:C:\Project\EffectiveWebChatServer\app.js: middleWare/getRequestStatus :: IP=::1 Path=/socket.io/?EIO=4&transport=polling&t=qul8eiiv;
2024-10-14T08:20:07.408Z:info:C:\Project\EffectiveWebChatServer\app.js: middleWare/getRequestStatus :: IP=::1 Path=/socket.io/?EIO=4&transport=polling&t=qupv11ga;
2024-10-14T08:20:13.409Z:info:C:\Project\EffectiveWebChatServer\app.js: middleWare/getRequestStatus :: IP=::1 Path=/socket.io/?EIO=4&transport=polling&t=quuho73e;
2024-10-14T08:20:19.409Z:info:C:\Project\EffectiveWebChatServer\app.js: middleWare/getRequestStatus :: IP=::1 Path=/socket.io/?EIO=4&transport=polling&t=quz4dgb8;
2024-10-14T08:20:25.409Z:info:C:\Project\EffectiveWebChatServer\app.js: middleWare/getRequestStatus :: IP=::1 Path=/socket.io/?EIO=4&transport=polling&t=qv3r13fs;
2024-10-14T08:20:31.408Z:info:C:\Project\EffectiveWebChatServer\app.js: middleWare/getRequestStatus :: IP=::1 Path=/socket.io/?EIO=4&transport=polling&t=qv8do3k6;
2024-10-14T08:20:37.410Z:info:C:\Project\EffectiveWebChatServer\app.js: middleWare/getRequestStatus :: IP=::1 Path=/socket.io/?EIO=4&transport=polling&t=qvd0d6c0;
2024-10-14T08:20:43.410Z:info:C:\Project\EffectiveWebChatServer\app.js: middleWare/getRequestStatus :: IP=::1 Path=/socket.io/?EIO=4&transport=polling&t=qvhn26be;
2024-10-14T08:20:49.409Z:info:C:\Project\EffectiveWebChatServer\app.js: middleWare/getRequestStatus :: IP=::1 Path=/socket.io/?EIO=4&transport=polling&t=qvm9qxwg;
2024-10-14T08:20:55.410Z:info:C:\Project\EffectiveWebChatServer\app.js: middleWare/getRequestStatus :: IP=::1 Path=/socket.io/?EIO=4&transport=polling&t=qvqweqde;
2024-10-14T08:21:01.410Z:info:C:\Project\EffectiveWebChatServer\app.js: middleWare/getRequestStatus :: IP=::1 Path=/socket.io/?EIO=4&transport=polling&t=qvvj2w5u;
2024-10-14T08:21:07.411Z:info:C:\Project\EffectiveWebChatServer\app.js: middleWare/getRequestStatus :: IP=::1 Path=/socket.io/?EIO=4&transport=polling&t=qw05qadc;
2024-10-14T08:21:13.410Z:info:C:\Project\EffectiveWebChatServer\app.js: middleWare/getRequestStatus :: IP=::1 Path=/socket.io/?EIO=4&transport=polling&t=qw4se0yv;
2024-10-14T08:21:19.410Z:info:C:\Project\EffectiveWebChatServer\app.js: middleWare/getRequestStatus :: IP=::1 Path=/socket.io/?EIO=4&transport=polling&t=qw9f1ef7;
2024-10-14T08:21:25.411Z:info:C:\Project\EffectiveWebChatServer\app.js: middleWare/getRequestStatus :: IP=::1 Path=/socket.io/?EIO=4&transport=polling&t=qwe1qskg;
2024-10-14T08:21:30.430Z:info:C:\Project\EffectiveWebChatServer\app.js: middleWare/getRequestStatus :: IP=::1 Path=/socket.io/?EIO=4&transport=polling&t=qwhwwpmx;
2024-10-14T08:21:35.442Z:info:C:\Project\EffectiveWebChatServer\app.js: middleWare/getRequestStatus :: IP=::1 Path=/socket.io/?EIO=4&transport=polling&t=qwlscm4o;
2024-10-14T08:21:40.452Z:info:C:\Project\EffectiveWebChatServer\app.js: middleWare/getRequestStatus :: IP=::1 Path=/socket.io/?EIO=4&transport=polling&t=qwpnjyn3;
2024-10-14T08:21:45.462Z:info:C:\Project\EffectiveWebChatServer\app.js: middleWare/getRequestStatus :: IP=::1 Path=/socket.io/?EIO=4&transport=polling&t=qwtiqxcy;
2024-10-14T08:21:50.470Z:info:C:\Project\EffectiveWebChatServer\app.js: middleWare/getRequestStatus :: IP=::1 Path=/socket.io/?EIO=4&transport=polling&t=qwxdvhv8;
2024-10-14T08:21:55.479Z:info:C:\Project\EffectiveWebChatServer\app.js: middleWare/getRequestStatus :: IP=::1 Path=/socket.io/?EIO=4&transport=polling&t=qx18zxox;
2024-10-14T08:22:00.491Z:info:C:\Project\EffectiveWebChatServer\app.js: middleWare/getRequestStatus :: IP=::1 Path=/socket.io/?EIO=4&transport=polling&t=qx5472ka;
2024-10-14T08:22:05.499Z:info:C:\Project\EffectiveWebChatServer\app.js: middleWare/getRequestStatus :: IP=::1 Path=/socket.io/?EIO=4&transport=polling&t=qx8zcb0r;
2024-10-14T08:22:10.509Z:info:C:\Project\EffectiveWebChatServer\app.js: middleWare/getRequestStatus :: IP=::1 Path=/socket.io/?EIO=4&transport=polling&t=qxcuhjdt;
2024-10-14T08:22:15.518Z:info:C:\Project\EffectiveWebChatServer\app.js: middleWare/getRequestStatus :: IP=::1 Path=/socket.io/?EIO=4&transport=polling&t=qxgpmte5;
2024-10-14T08:22:20.528Z:info:C:\Project\EffectiveWebChatServer\app.js: middleWare/getRequestStatus :: IP=::1 Path=/socket.io/?EIO=4&transport=polling&t=qxkks7to;
2024-10-14T08:22:25.539Z:info:C:\Project\EffectiveWebChatServer\app.js: middleWare/getRequestStatus :: IP=::1 Path=/socket.io/?EIO=4&transport=polling&t=qxofyoxw;
2024-10-14T08:22:30.549Z:info:C:\Project\EffectiveWebChatServer\app.js: middleWare/getRequestStatus :: IP=::1 Path=/socket.io/?EIO=4&transport=polling&t=qxsb5qmi;
2024-10-14T08:22:35.558Z:info:C:\Project\EffectiveWebChatServer\app.js: middleWare/getRequestStatus :: IP=::1 Path=/socket.io/?EIO=4&transport=polling&t=qxw6an2z;
2024-10-14T08:22:40.566Z:info:C:\Project\EffectiveWebChatServer\app.js: middleWare/getRequestStatus :: IP=::1 Path=/socket.io/?EIO=4&transport=polling&t=qy01fjqx;
2024-10-14T08:22:45.575Z:info:C:\Project\EffectiveWebChatServer\app.js: middleWare/getRequestStatus :: IP=::1 Path=/socket.io/?EIO=4&transport=polling&t=qy3wk5yp;
2024-10-14T08:22:50.585Z:info:C:\Project\EffectiveWebChatServer\app.js: middleWare/getRequestStatus :: IP=::1 Path=/socket.io/?EIO=4&transport=polling&t=qy7rp5cl;
2024-10-14T08:22:55.596Z:info:C:\Project\EffectiveWebChatServer\app.js: middleWare/getRequestStatus :: IP=::1 Path=/socket.io/?EIO=4&transport=polling&t=qybmvbje;
2024-10-14T08:23:00.604Z:info:C:\Project\EffectiveWebChatServer\app.js: middleWare/getRequestStatus :: IP=::1 Path=/socket.io/?EIO=4&transport=polling&t=qyfi1s79;
2024-10-14T08:23:05.613Z:info:C:\Project\EffectiveWebChatServer\app.js: middleWare/getRequestStatus :: IP=::1 Path=/socket.io/?EIO=4&transport=polling&t=qyjd6awo;
2024-10-14T08:23:10.622Z:info:C:\Project\EffectiveWebChatServer\app.js: middleWare/getRequestStatus :: IP=::1 Path=/socket.io/?EIO=4&transport=polling&t=qyn8bsqc;
2024-10-14T08:23:15.631Z:info:C:\Project\EffectiveWebChatServer\app.js: middleWare/getRequestStatus :: IP=::1 Path=/socket.io/?EIO=4&transport=polling&t=qyr3gbkh;
2024-10-14T08:23:20.642Z:info:C:\Project\EffectiveWebChatServer\app.js: middleWare/getRequestStatus :: IP=::1 Path=/socket.io/?EIO=4&transport=polling&t=qyuynpdt;
2024-10-14T08:23:25.651Z:info:C:\Project\EffectiveWebChatServer\app.js: middleWare/getRequestStatus :: IP=::1 Path=/socket.io/?EIO=4&transport=polling&t=qyytso9i;
2024-10-14T08:23:30.662Z:info:C:\Project\EffectiveWebChatServer\app.js: middleWare/getRequestStatus :: IP=::1 Path=/socket.io/?EIO=4&transport=polling&t=qz2oxez2;
