2024-11-07T07:17:37.411Z:info:C:\Project\EffectiveWebChatServer\controllers\msgController.js: insertMessage() :: companyId=670f7b81da32b58985313506 userId=6727270ba5a50035a110d0ae chatId=null msg=שלום ButtonList.length=undefined  author=client msgTime=Thu Nov 07 2024 09:17:37 GMT+0200 (Israel Standard Time);
2024-11-07T07:17:37.428Z:info:C:\Project\EffectiveWebChatServer\controllers\msgController.js: insertMessage() :: companyId=670f7b81da32b58985313506 userId=6727270ba5a50035a110d0ae chatId=672c69912d28f8e2b93a0e94 Chat created.;
2024-11-07T07:17:37.431Z:info:C:\Project\EffectiveWebChatServer\controllers\msgController.js: insertMessage() :: companyId=670f7b81da32b58985313506 userId=6727270ba5a50035a110d0ae chatId=672c69912d28f8e2b93a0e94 Msg Saved msgId=672c69912d28f8e2b93a0e96;
2024-11-07T07:17:37.433Z:info:C:\Project\EffectiveWebChatServer\controllers\msgController.js: insertMessage() :: companyId=670f7b81da32b58985313506 userId=6727270ba5a50035a110d0ae chatId=672c69912d28f8e2b93a0e94 chat updated with the latest message;
2024-11-07T07:17:37.694Z:info:C:\Project\EffectiveWebChatServer\controllers\msgController.js: insertMessage() :: companyId=670f7b81da32b58985313506 userId=undefined chatId=672c69912d28f8e2b93a0e94 msg=שלום, תודה על פנייתך לחברת אי טי סי טק מערכות.
אנא בחר עם איזו מחלקה ברצונך לשוחח : ButtonList.length=3  author=agent msgTime=Thu Nov 07 2024 09:17:37 GMT+0200 (Israel Standard Time);
2024-11-07T07:17:37.696Z:info:C:\Project\EffectiveWebChatServer\controllers\msgController.js: insertMessage() :: companyId=670f7b81da32b58985313506 userId=6727270ba5a50035a110d0ae chatId=672c69912d28f8e2b93a0e94 Chat found.;
2024-11-07T07:17:37.700Z:info:C:\Project\EffectiveWebChatServer\controllers\msgController.js: insertMessage() :: companyId=670f7b81da32b58985313506 userId=6727270ba5a50035a110d0ae chatId=672c69912d28f8e2b93a0e94 Msg Saved msgId=672c69912d28f8e2b93a0e9f;
2024-11-07T07:17:37.703Z:info:C:\Project\EffectiveWebChatServer\controllers\msgController.js: insertMessage() :: companyId=670f7b81da32b58985313506 userId=6727270ba5a50035a110d0ae chatId=672c69912d28f8e2b93a0e94 chat updated with the latest message;
2024-11-07T07:17:40.147Z:info:C:\Project\EffectiveWebChatServer\controllers\msgController.js: insertMessage() :: companyId=670f7b81da32b58985313506 userId=6727270ba5a50035a110d0ae chatId=672c69912d28f8e2b93a0e94 msg=מכירות ButtonList.length=undefined  author=client msgTime=Thu Nov 07 2024 09:17:40 GMT+0200 (Israel Standard Time);
2024-11-07T07:17:40.149Z:info:C:\Project\EffectiveWebChatServer\controllers\msgController.js: insertMessage() :: companyId=670f7b81da32b58985313506 userId=6727270ba5a50035a110d0ae chatId=672c69912d28f8e2b93a0e94 Chat found.;
2024-11-07T07:17:40.152Z:info:C:\Project\EffectiveWebChatServer\controllers\msgController.js: insertMessage() :: companyId=670f7b81da32b58985313506 userId=6727270ba5a50035a110d0ae chatId=672c69912d28f8e2b93a0e94 Msg Saved msgId=672c69942d28f8e2b93a0ea6;
2024-11-07T07:17:40.155Z:info:C:\Project\EffectiveWebChatServer\controllers\msgController.js: insertMessage() :: companyId=670f7b81da32b58985313506 userId=6727270ba5a50035a110d0ae chatId=672c69912d28f8e2b93a0e94 chat updated with the latest message;
2024-11-07T07:17:40.377Z:info:C:\Project\EffectiveWebChatServer\controllers\msgController.js: insertMessage() :: companyId=670f7b81da32b58985313506 userId=undefined chatId=672c69912d28f8e2b93a0e94 msg=ציין את הנושאים שבהם אתה מתעניין : ButtonList.length=3  author=agent msgTime=Thu Nov 07 2024 09:17:40 GMT+0200 (Israel Standard Time);
2024-11-07T07:17:40.378Z:info:C:\Project\EffectiveWebChatServer\controllers\msgController.js: insertMessage() :: companyId=670f7b81da32b58985313506 userId=6727270ba5a50035a110d0ae chatId=672c69912d28f8e2b93a0e94 Chat found.;
2024-11-07T07:17:40.381Z:info:C:\Project\EffectiveWebChatServer\controllers\msgController.js: insertMessage() :: companyId=670f7b81da32b58985313506 userId=6727270ba5a50035a110d0ae chatId=672c69912d28f8e2b93a0e94 Msg Saved msgId=672c69942d28f8e2b93a0eac;
2024-11-07T07:17:40.382Z:info:C:\Project\EffectiveWebChatServer\controllers\msgController.js: insertMessage() :: companyId=670f7b81da32b58985313506 userId=6727270ba5a50035a110d0ae chatId=672c69912d28f8e2b93a0e94 chat updated with the latest message;
2024-11-07T07:17:41.723Z:info:C:\Project\EffectiveWebChatServer\controllers\msgController.js: insertMessage() :: companyId=670f7b81da32b58985313506 userId=6727270ba5a50035a110d0ae chatId=672c69912d28f8e2b93a0e94 msg=חייגנים ButtonList.length=undefined  author=client msgTime=Thu Nov 07 2024 09:17:41 GMT+0200 (Israel Standard Time);
2024-11-07T07:17:41.725Z:info:C:\Project\EffectiveWebChatServer\controllers\msgController.js: insertMessage() :: companyId=670f7b81da32b58985313506 userId=6727270ba5a50035a110d0ae chatId=672c69912d28f8e2b93a0e94 Chat found.;
2024-11-07T07:17:41.727Z:info:C:\Project\EffectiveWebChatServer\controllers\msgController.js: insertMessage() :: companyId=670f7b81da32b58985313506 userId=6727270ba5a50035a110d0ae chatId=672c69912d28f8e2b93a0e94 Msg Saved msgId=672c69952d28f8e2b93a0eb3;
2024-11-07T07:17:41.729Z:info:C:\Project\EffectiveWebChatServer\controllers\msgController.js: insertMessage() :: companyId=670f7b81da32b58985313506 userId=6727270ba5a50035a110d0ae chatId=672c69912d28f8e2b93a0e94 chat updated with the latest message;
2024-11-07T07:17:41.933Z:info:C:\Project\EffectiveWebChatServer\controllers\msgController.js: insertMessage() :: companyId=670f7b81da32b58985313506 userId=undefined chatId=672c69912d28f8e2b93a0e94 msg=אנא ציין את שמך ושם החברה שבשמה הינך פונה ButtonList.length=undefined  author=agent msgTime=Thu Nov 07 2024 09:17:41 GMT+0200 (Israel Standard Time);
2024-11-07T07:17:41.935Z:info:C:\Project\EffectiveWebChatServer\controllers\msgController.js: insertMessage() :: companyId=670f7b81da32b58985313506 userId=6727270ba5a50035a110d0ae chatId=672c69912d28f8e2b93a0e94 Chat found.;
2024-11-07T07:17:41.937Z:info:C:\Project\EffectiveWebChatServer\controllers\msgController.js: insertMessage() :: companyId=670f7b81da32b58985313506 userId=6727270ba5a50035a110d0ae chatId=672c69912d28f8e2b93a0e94 Msg Saved msgId=672c69952d28f8e2b93a0eb9;
2024-11-07T07:17:41.938Z:info:C:\Project\EffectiveWebChatServer\controllers\msgController.js: insertMessage() :: companyId=670f7b81da32b58985313506 userId=6727270ba5a50035a110d0ae chatId=672c69912d28f8e2b93a0e94 chat updated with the latest message;
2024-11-07T07:17:44.379Z:info:C:\Project\EffectiveWebChatServer\controllers\msgController.js: insertMessage() :: companyId=670f7b81da32b58985313506 userId=6727270ba5a50035a110d0ae chatId=672c69912d28f8e2b93a0e94 msg=דגדש ButtonList.length=undefined  author=client msgTime=Thu Nov 07 2024 09:17:44 GMT+0200 (Israel Standard Time);
2024-11-07T07:17:44.382Z:info:C:\Project\EffectiveWebChatServer\controllers\msgController.js: insertMessage() :: companyId=670f7b81da32b58985313506 userId=6727270ba5a50035a110d0ae chatId=672c69912d28f8e2b93a0e94 Chat found.;
2024-11-07T07:17:44.384Z:info:C:\Project\EffectiveWebChatServer\controllers\msgController.js: insertMessage() :: companyId=670f7b81da32b58985313506 userId=6727270ba5a50035a110d0ae chatId=672c69912d28f8e2b93a0e94 Msg Saved msgId=672c69982d28f8e2b93a0ebd;
2024-11-07T07:17:44.386Z:info:C:\Project\EffectiveWebChatServer\controllers\msgController.js: insertMessage() :: companyId=670f7b81da32b58985313506 userId=6727270ba5a50035a110d0ae chatId=672c69912d28f8e2b93a0e94 chat updated with the latest message;
2024-11-07T07:17:44.587Z:info:C:\Project\EffectiveWebChatServer\controllers\msgController.js: insertMessage() :: companyId=670f7b81da32b58985313506 userId=undefined chatId=672c69912d28f8e2b93a0e94 msg=דגדש, הועברת לשיחה עם נציג בנושא חייגנים, במה אפשר לסייע? ButtonList.length=undefined  author=agent msgTime=Thu Nov 07 2024 09:17:44 GMT+0200 (Israel Standard Time);
2024-11-07T07:17:44.589Z:info:C:\Project\EffectiveWebChatServer\controllers\msgController.js: insertMessage() :: companyId=670f7b81da32b58985313506 userId=6727270ba5a50035a110d0ae chatId=672c69912d28f8e2b93a0e94 Chat found.;
2024-11-07T07:17:44.590Z:info:C:\Project\EffectiveWebChatServer\controllers\msgController.js: insertMessage() :: companyId=670f7b81da32b58985313506 userId=6727270ba5a50035a110d0ae chatId=672c69912d28f8e2b93a0e94 Msg Saved msgId=672c69982d28f8e2b93a0ec3;
2024-11-07T07:17:44.592Z:info:C:\Project\EffectiveWebChatServer\controllers\msgController.js: insertMessage() :: companyId=670f7b81da32b58985313506 userId=6727270ba5a50035a110d0ae chatId=672c69912d28f8e2b93a0e94 chat updated with the latest message;
2024-11-07T13:26:10.378Z:info:C:\Project\EffectiveWebChatServer\controllers\msgController.js: insertMessage() :: companyId=670f7b81da32b58985313506 userId=6728924132e93bc2aed725fb chatId=null msg=גכדג ButtonList.length=undefined  author=client msgTime=Thu Nov 07 2024 15:26:10 GMT+0200 (Israel Standard Time);
2024-11-07T13:26:10.381Z:info:C:\Project\EffectiveWebChatServer\controllers\msgController.js: insertMessage() :: companyId=670f7b81da32b58985313506 userId=6728924132e93bc2aed725fb chatId=672cbff22d28f8e2b93a0f08 Chat created.;
2024-11-07T13:26:10.383Z:info:C:\Project\EffectiveWebChatServer\controllers\msgController.js: insertMessage() :: companyId=670f7b81da32b58985313506 userId=6728924132e93bc2aed725fb chatId=672cbff22d28f8e2b93a0f08 Msg Saved msgId=672cbff22d28f8e2b93a0f0a;
2024-11-07T13:26:10.385Z:info:C:\Project\EffectiveWebChatServer\controllers\msgController.js: insertMessage() :: companyId=670f7b81da32b58985313506 userId=6728924132e93bc2aed725fb chatId=672cbff22d28f8e2b93a0f08 chat updated with the latest message;
2024-11-07T13:26:16.408Z:info:C:\Project\EffectiveWebChatServer\controllers\msgController.js: insertMessage() :: companyId=670f7b81da32b58985313506 userId=6728924132e93bc2aed725fb chatId=null msg=כדגכ ButtonList.length=undefined  author=client msgTime=Thu Nov 07 2024 15:26:16 GMT+0200 (Israel Standard Time);
2024-11-07T13:26:16.412Z:info:C:\Project\EffectiveWebChatServer\controllers\msgController.js: insertMessage() :: companyId=670f7b81da32b58985313506 userId=6728924132e93bc2aed725fb chatId=672cbff82d28f8e2b93a0f11 Chat created.;
2024-11-07T13:26:16.414Z:info:C:\Project\EffectiveWebChatServer\controllers\msgController.js: insertMessage() :: companyId=670f7b81da32b58985313506 userId=6728924132e93bc2aed725fb chatId=672cbff82d28f8e2b93a0f11 Msg Saved msgId=672cbff82d28f8e2b93a0f13;
2024-11-07T13:26:16.415Z:info:C:\Project\EffectiveWebChatServer\controllers\msgController.js: insertMessage() :: companyId=670f7b81da32b58985313506 userId=6728924132e93bc2aed725fb chatId=672cbff82d28f8e2b93a0f11 chat updated with the latest message;
