2024-11-10T07:20:35.515Z:info:C:\Project\EffectiveWebChatServer\app.js: middleWare/getRequestStatus :: IP=::1 Path=/api/v1/companies/670f7b81da32b58985313506;
2024-11-10T07:20:35.530Z:info:C:\Project\EffectiveWebChatServer\controllers\companyController.js: getCompanyDetails() :: companyId=670f7b81da32b58985313506;
2024-11-10T07:20:35.543Z:info:C:\Project\EffectiveWebChatServer\app.js: middleWare/getRequestStatus :: IP=::1 Path=/api/v1/companies/670f7b81da32b58985313506;
2024-11-10T07:20:35.544Z:info:C:\Project\EffectiveWebChatServer\controllers\companyController.js: getCompanyDetails() :: companyId=670f7b81da32b58985313506;
2024-11-10T07:20:35.743Z:info:C:\Project\EffectiveWebChatServer\app.js: middleWare/getRequestStatus :: IP=::1 Path=/api/v1/auth/login;
2024-11-10T07:20:35.829Z:info:C:\Project\EffectiveWebChatServer\app.js: middleWare/getRequestStatus :: IP=::1 Path=/api/v1/users/effective-user-670f7b81da32b58985313506-f1e214536bd5b895198c5320d0168ac923592817bc27012c44d9dcce032a2847/chats?sort=-latestMsgTime;
2024-11-10T07:20:35.832Z:info:C:\Project\EffectiveWebChatServer\controllers\authController.js: useLoggedUserIdsOnReqBody() :: companyId=670f7b81da32b58985313506 userId=6727270ba5a50035a110d0ae;
2024-11-10T07:25:06.514Z:info:C:\Project\EffectiveWebChatServer\app.js: middleWare/getRequestStatus :: IP=::1 Path=/api/v1/companies/670f7b81da32b58985313506;
2024-11-10T07:25:06.514Z:info:C:\Project\EffectiveWebChatServer\controllers\companyController.js: getCompanyDetails() :: companyId=670f7b81da32b58985313506;
2024-11-10T07:25:06.519Z:info:C:\Project\EffectiveWebChatServer\app.js: middleWare/getRequestStatus :: IP=::1 Path=/api/v1/companies/670f7b81da32b58985313506;
2024-11-10T07:25:06.519Z:info:C:\Project\EffectiveWebChatServer\controllers\companyController.js: getCompanyDetails() :: companyId=670f7b81da32b58985313506;
2024-11-10T07:25:06.643Z:info:C:\Project\EffectiveWebChatServer\app.js: middleWare/getRequestStatus :: IP=::1 Path=/api/v1/auth/login;
2024-11-10T07:25:06.736Z:info:C:\Project\EffectiveWebChatServer\app.js: middleWare/getRequestStatus :: IP=::1 Path=/api/v1/users/effective-user-670f7b81da32b58985313506-f1e214536bd5b895198c5320d0168ac923592817bc27012c44d9dcce032a2847/chats?sort=-latestMsgTime;
2024-11-10T07:25:06.740Z:info:C:\Project\EffectiveWebChatServer\controllers\authController.js: useLoggedUserIdsOnReqBody() :: companyId=670f7b81da32b58985313506 userId=6727270ba5a50035a110d0ae;
2024-11-10T07:25:06.789Z:info:C:\Project\EffectiveWebChatServer\app.js: middleWare/getRequestStatus :: IP=::1 Path=/api/v1/companies/670f7b81da32b58985313506;
2024-11-10T07:25:06.789Z:info:C:\Project\EffectiveWebChatServer\controllers\companyController.js: getCompanyDetails() :: companyId=670f7b81da32b58985313506;
2024-11-10T07:25:06.793Z:info:C:\Project\EffectiveWebChatServer\app.js: middleWare/getRequestStatus :: IP=::1 Path=/api/v1/companies/670f7b81da32b58985313506;
2024-11-10T07:25:06.793Z:info:C:\Project\EffectiveWebChatServer\controllers\companyController.js: getCompanyDetails() :: companyId=670f7b81da32b58985313506;
2024-11-10T07:25:06.865Z:info:C:\Project\EffectiveWebChatServer\app.js: middleWare/getRequestStatus :: IP=::1 Path=/api/v1/auth/login;
2024-11-10T07:25:06.875Z:info:C:\Project\EffectiveWebChatServer\controllers\authController.js: userLogin() :: userIdentifierId=effective-user-670f7b81da32b58985313506-22f46596140417daecfb1cc6058c6fc4fcc1d396159bf221098a2176a2e77f77 not found create new;
2024-11-10T07:25:07.039Z:info:C:\Project\EffectiveWebChatServer\app.js: middleWare/getRequestStatus :: IP=::1 Path=/api/v1/users/effective-user-670f7b81da32b58985313506-22f46596140417daecfb1cc6058c6fc4fcc1d396159bf221098a2176a2e77f77/chats?sort=-latestMsgTime;
2024-11-10T07:25:07.044Z:info:C:\Project\EffectiveWebChatServer\controllers\authController.js: useLoggedUserIdsOnReqBody() :: companyId=670f7b81da32b58985313506 userId=67305fd22d28f8e2b93a0f95;
2024-11-10T07:42:32.840Z:info:C:\Project\EffectiveWebChatServer\app.js: middleWare/getRequestStatus :: IP=::1 Path=/api/v1/auth/login;
2024-11-10T07:42:32.841Z:info:C:\Project\EffectiveWebChatServer\controllers\authController.js: userLogin() :: userIdentifierId=effective-user-670f7b81da32b58985313506-98bcfcc9b23b1b42546e4c0b131d96dc0f2de001c5b66d28c18701aaa66b68f3 not found create new;
2024-11-10T07:42:33.007Z:info:C:\Project\EffectiveWebChatServer\app.js: middleWare/getRequestStatus :: IP=::1 Path=/api/v1/users/effective-user-670f7b81da32b58985313506-98bcfcc9b23b1b42546e4c0b131d96dc0f2de001c5b66d28c18701aaa66b68f3/chats?sort=-latestMsgTime;
2024-11-10T07:42:33.011Z:info:C:\Project\EffectiveWebChatServer\controllers\authController.js: useLoggedUserIdsOnReqBody() :: companyId=670f7b81da32b58985313506 userId=673063e82d28f8e2b93a0f9d;
2024-11-10T07:42:38.285Z:info:C:\Project\EffectiveWebChatServer\app.js: middleWare/getRequestStatus :: IP=::1 Path=/api/v1/companies/670f7b81da32b58985313506;
2024-11-10T07:42:38.285Z:info:C:\Project\EffectiveWebChatServer\controllers\companyController.js: getCompanyDetails() :: companyId=670f7b81da32b58985313506;
2024-11-10T07:42:38.289Z:info:C:\Project\EffectiveWebChatServer\app.js: middleWare/getRequestStatus :: IP=::1 Path=/api/v1/companies/670f7b81da32b58985313506;
2024-11-10T07:42:38.290Z:info:C:\Project\EffectiveWebChatServer\controllers\companyController.js: getCompanyDetails() :: companyId=670f7b81da32b58985313506;
2024-11-10T07:42:38.357Z:info:C:\Project\EffectiveWebChatServer\app.js: middleWare/getRequestStatus :: IP=::1 Path=/api/v1/auth/login;
2024-11-10T07:42:38.357Z:info:C:\Project\EffectiveWebChatServer\controllers\authController.js: userLogin() :: userIdentifierId=effective-user-670f7b81da32b58985313506-b7bd45c812cab89e9de3c7e73007714f42ac6b6f0c6c6007fc4a6e6f03d93db2 not found create new;
2024-11-10T07:42:38.537Z:info:C:\Project\EffectiveWebChatServer\app.js: middleWare/getRequestStatus :: IP=::1 Path=/api/v1/users/effective-user-670f7b81da32b58985313506-b7bd45c812cab89e9de3c7e73007714f42ac6b6f0c6c6007fc4a6e6f03d93db2/chats?sort=-latestMsgTime;
2024-11-10T07:42:38.544Z:info:C:\Project\EffectiveWebChatServer\controllers\authController.js: useLoggedUserIdsOnReqBody() :: companyId=670f7b81da32b58985313506 userId=673063ee2d28f8e2b93a0fa7;
